This file contains any messages produced by compilers while
running configure, to aid debugging if configure makes a mistake.

It was created by ODE configure 0.8, which was
generated by GNU Autoconf 2.59.  Invocation command line was

  $ ./configure 

## --------- ##
## Platform. ##
## --------- ##

hostname = pmorelle-rob-0.etu.utc
uname -m = i386
uname -r = 8.9.1
uname -s = Darwin
uname -v = Darwin Kernel Version 8.9.1: Thu Feb 22 20:55:00 PST 2007; root:xnu-792.18.15~1/RELEASE_I386

/usr/bin/uname -p = i386
/bin/uname -X     = unknown

/bin/arch              = unknown
/usr/bin/arch -k       = unknown
/usr/convex/getsysinfo = unknown
hostinfo               = Mach kernel version:
	 Darwin Kernel Version 8.9.1: Thu Feb 22 20:55:00 PST 2007; root:xnu-792.18.15~1/RELEASE_I386
Kernel configured for up to 2 processors.
2 processors are physically available.
2 processors are logically available.
Processor type: i486 (Intel 80486)
Processors active: 0 1
Primary memory available: 1.00 gigabytes
Default processor set: 113 tasks, 383 threads, 2 processors
Load average: 1.10, Mach factor: 0.89
/bin/machine           = unknown
/usr/bin/oslevel       = unknown
/bin/universe          = unknown

PATH: /bin
PATH: /sbin
PATH: /usr/bin
PATH: /usr/sbin
PATH: /usr/local/bin
PATH: /usr/local/sbin
PATH: /opt/local/bin
PATH: /opt/local/sbin
PATH: /opt/gtk/bin
PATH: /usr/ucb
PATH: /usr/X11R6/bin


## ----------- ##
## Core tests. ##
## ----------- ##

configure:1389: checking build system type
configure:1407: result: i386-apple-darwin8.9.1
configure:1415: checking host system type
configure:1429: result: i386-apple-darwin8.9.1
configure:1437: checking target system type
configure:1451: result: i386-apple-darwin8.9.1
configure:1480: checking for a BSD-compatible install
configure:1535: result: /usr/bin/install -c
configure:1546: checking whether build environment is sane
configure:1589: result: yes
configure:1654: checking for gawk
configure:1683: result: no
configure:1654: checking for mawk
configure:1683: result: no
configure:1654: checking for nawk
configure:1683: result: no
configure:1654: checking for awk
configure:1670: found /usr/bin/awk
configure:1680: result: awk
configure:1690: checking whether make sets $(MAKE)
configure:1710: result: yes
configure:1892: checking for style of include used by make
configure:1920: result: GNU
configure:1991: checking for gcc
configure:2007: found /usr/bin/gcc
configure:2017: result: gcc
configure:2261: checking for C compiler version
configure:2264: gcc --version </dev/null >&5
i686-apple-darwin8-gcc-4.0.1 (GCC) 4.0.1 (Apple Computer, Inc. build 5367)
Copyright (C) 2005 Free Software Foundation, Inc.
This is free software; see the source for copying conditions.  There is NO
warranty; not even for MERCHANTABILITY or FITNESS FOR A PARTICULAR PURPOSE.

configure:2267: $? = 0
configure:2269: gcc -v </dev/null >&5
Using built-in specs.
Target: i686-apple-darwin8
Configured with: /private/var/tmp/gcc/gcc-5367.obj~1/src/configure --disable-checking -enable-werror --prefix=/usr --mandir=/share/man --enable-languages=c,objc,c++,obj-c++ --program-transform-name=/^[cg][^.-]*$/s/$/-4.0/ --with-gxx-include-dir=/include/c++/4.0.0 --with-slibdir=/usr/lib --build=powerpc-apple-darwin8 --with-arch=nocona --with-tune=generic --program-prefix= --host=i686-apple-darwin8 --target=i686-apple-darwin8
Thread model: posix
gcc version 4.0.1 (Apple Computer, Inc. build 5367)
configure:2272: $? = 0
configure:2274: gcc -V </dev/null >&5
gcc: argument to `-V' is missing
configure:2277: $? = 1
configure:2300: checking for C compiler default output file name
configure:2303: gcc    conftest.c  >&5
configure:2306: $? = 0
configure:2352: result: a.out
configure:2357: checking whether the C compiler works
configure:2363: ./a.out
configure:2366: $? = 0
configure:2383: result: yes
configure:2390: checking whether we are cross compiling
configure:2392: result: no
configure:2395: checking for suffix of executables
configure:2397: gcc -o conftest    conftest.c  >&5
configure:2400: $? = 0
configure:2425: result: 
configure:2431: checking for suffix of object files
configure:2452: gcc -c   conftest.c >&5
configure:2455: $? = 0
configure:2477: result: o
configure:2481: checking whether we are using the GNU C compiler
configure:2505: gcc -c   conftest.c >&5
configure:2511: $? = 0
configure:2515: test -z 
			 || test ! -s conftest.err
configure:2518: $? = 0
configure:2521: test -s conftest.o
configure:2524: $? = 0
configure:2537: result: yes
configure:2543: checking whether gcc accepts -g
configure:2564: gcc -c -g  conftest.c >&5
configure:2570: $? = 0
configure:2574: test -z 
			 || test ! -s conftest.err
configure:2577: $? = 0
configure:2580: test -s conftest.o
configure:2583: $? = 0
configure:2594: result: yes
configure:2611: checking for gcc option to accept ANSI C
configure:2681: gcc  -c -g -O2  conftest.c >&5
configure:2687: $? = 0
configure:2691: test -z 
			 || test ! -s conftest.err
configure:2694: $? = 0
configure:2697: test -s conftest.o
configure:2700: $? = 0
configure:2718: result: none needed
configure:2736: gcc -c -g -O2  conftest.c >&5
conftest.c:2: error: parse error before 'me'
configure:2742: $? = 1
configure: failed program was:
| #ifndef __cplusplus
|   choke me
| #endif
configure:2877: checking dependency style of gcc
configure:2967: result: gcc3
configure:2985: checking whether byte ordering is bigendian
configure:3012: gcc -c -g -O2  conftest.c >&5
configure:3018: $? = 0
configure:3022: test -z 
			 || test ! -s conftest.err
configure:3025: $? = 0
configure:3028: test -s conftest.o
configure:3031: $? = 0
configure:3055: gcc -c -g -O2  conftest.c >&5
conftest.c: In function 'main':
conftest.c:18: error: 'not' undeclared (first use in this function)
conftest.c:18: error: (Each undeclared identifier is reported only once
conftest.c:18: error: for each function it appears in.)
conftest.c:18: error: parse error before 'big'
configure:3061: $? = 1
configure: failed program was:
| /* confdefs.h.  */
| 
| #define PACKAGE_NAME "ODE"
| #define PACKAGE_TARNAME "ode"
| #define PACKAGE_VERSION "0.8"
| #define PACKAGE_STRING "ODE 0.8"
| #define PACKAGE_BUGREPORT "ode@ode.org"
| #define PACKAGE "ODE"
| #define VERSION "0.8.0"
| /* end confdefs.h.  */
| #include <sys/types.h>
| #include <sys/param.h>
| 
| int
| main ()
| {
| #if BYTE_ORDER != BIG_ENDIAN
|  not big endian
| #endif
| 
|   ;
|   return 0;
| }
configure:3196: result: no
configure:3220: checking how to run the C preprocessor
configure:3255: gcc -E  conftest.c
configure:3261: $? = 0
configure:3293: gcc -E  conftest.c
conftest.c:11:28: error: ac_nonexistent.h: No such file or directory
configure:3299: $? = 1
configure: failed program was:
| /* confdefs.h.  */
| 
| #define PACKAGE_NAME "ODE"
| #define PACKAGE_TARNAME "ode"
| #define PACKAGE_VERSION "0.8"
| #define PACKAGE_STRING "ODE 0.8"
| #define PACKAGE_BUGREPORT "ode@ode.org"
| #define PACKAGE "ODE"
| #define VERSION "0.8.0"
| /* end confdefs.h.  */
| #include <ac_nonexistent.h>
configure:3338: result: gcc -E
configure:3362: gcc -E  conftest.c
configure:3368: $? = 0
configure:3400: gcc -E  conftest.c
conftest.c:11:28: error: ac_nonexistent.h: No such file or directory
configure:3406: $? = 1
configure: failed program was:
| /* confdefs.h.  */
| 
| #define PACKAGE_NAME "ODE"
| #define PACKAGE_TARNAME "ode"
| #define PACKAGE_VERSION "0.8"
| #define PACKAGE_STRING "ODE 0.8"
| #define PACKAGE_BUGREPORT "ode@ode.org"
| #define PACKAGE "ODE"
| #define VERSION "0.8.0"
| /* end confdefs.h.  */
| #include <ac_nonexistent.h>
configure:3450: checking for X
configure:3680: result: libraries /usr/X11R6/lib, headers /usr/X11R6/include
configure:3852: gcc -o conftest -g -O2   conftest.c   -L/usr/X11R6/lib -lX11 >&5
configure:3858: $? = 0
configure:3862: test -z 
			 || test ! -s conftest.err
configure:3865: $? = 0
configure:3868: test -s conftest
configure:3871: $? = 0
configure:4029: checking for gethostbyname
configure:4086: gcc -o conftest -g -O2   conftest.c  >&5
configure:4092: $? = 0
configure:4096: test -z 
			 || test ! -s conftest.err
configure:4099: $? = 0
configure:4102: test -s conftest
configure:4105: $? = 0
configure:4117: result: yes
configure:4268: checking for connect
configure:4325: gcc -o conftest -g -O2   conftest.c  >&5
configure:4331: $? = 0
configure:4335: test -z 
			 || test ! -s conftest.err
configure:4338: $? = 0
configure:4341: test -s conftest
configure:4344: $? = 0
configure:4356: result: yes
configure:4431: checking for remove
configure:4488: gcc -o conftest -g -O2   conftest.c  >&5
configure:4494: $? = 0
configure:4498: test -z 
			 || test ! -s conftest.err
configure:4501: $? = 0
configure:4504: test -s conftest
configure:4507: $? = 0
configure:4519: result: yes
configure:4594: checking for shmat
configure:4651: gcc -o conftest -g -O2   conftest.c  >&5
configure:4657: $? = 0
configure:4661: test -z 
			 || test ! -s conftest.err
configure:4664: $? = 0
configure:4667: test -s conftest
configure:4670: $? = 0
configure:4682: result: yes
configure:4766: checking for IceConnectionNumber in -lICE
configure:4796: gcc -o conftest -g -O2   -L/usr/X11R6/lib conftest.c -lICE   >&5
configure:4802: $? = 0
configure:4806: test -z 
			 || test ! -s conftest.err
configure:4809: $? = 0
configure:4812: test -s conftest
configure:4815: $? = 0
configure:4828: result: yes
configure:4847: checking whether make sets $(MAKE)
configure:4867: result: yes
configure:4929: checking for g++
configure:4945: found /usr/bin/g++
configure:4955: result: g++
configure:4971: checking for C++ compiler version
configure:4974: g++ --version </dev/null >&5
i686-apple-darwin8-g++-4.0.1 (GCC) 4.0.1 (Apple Computer, Inc. build 5367)
Copyright (C) 2005 Free Software Foundation, Inc.
This is free software; see the source for copying conditions.  There is NO
warranty; not even for MERCHANTABILITY or FITNESS FOR A PARTICULAR PURPOSE.

configure:4977: $? = 0
configure:4979: g++ -v </dev/null >&5
Using built-in specs.
Target: i686-apple-darwin8
Configured with: /private/var/tmp/gcc/gcc-5367.obj~1/src/configure --disable-checking -enable-werror --prefix=/usr --mandir=/share/man --enable-languages=c,objc,c++,obj-c++ --program-transform-name=/^[cg][^.-]*$/s/$/-4.0/ --with-gxx-include-dir=/include/c++/4.0.0 --with-slibdir=/usr/lib --build=powerpc-apple-darwin8 --with-arch=nocona --with-tune=generic --program-prefix= --host=i686-apple-darwin8 --target=i686-apple-darwin8
Thread model: posix
gcc version 4.0.1 (Apple Computer, Inc. build 5367)
configure:4982: $? = 0
configure:4984: g++ -V </dev/null >&5
g++: argument to `-V' is missing
configure:4987: $? = 1
configure:4990: checking whether we are using the GNU C++ compiler
configure:5014: g++ -c   conftest.cc >&5
configure:5020: $? = 0
configure:5024: test -z 
			 || test ! -s conftest.err
configure:5027: $? = 0
configure:5030: test -s conftest.o
configure:5033: $? = 0
configure:5046: result: yes
configure:5052: checking whether g++ accepts -g
configure:5073: g++ -c -g  conftest.cc >&5
configure:5079: $? = 0
configure:5083: test -z 
			 || test ! -s conftest.err
configure:5086: $? = 0
configure:5089: test -s conftest.o
configure:5092: $? = 0
configure:5103: result: yes
configure:5145: g++ -c -g -O2  conftest.cc >&5
configure:5151: $? = 0
configure:5155: test -z 
			 || test ! -s conftest.err
configure:5158: $? = 0
configure:5161: test -s conftest.o
configure:5164: $? = 0
configure:5190: g++ -c -g -O2  conftest.cc >&5
conftest.cc: In function 'int main()':
conftest.cc:15: error: 'exit' was not declared in this scope
configure:5196: $? = 1
configure: failed program was:
| /* confdefs.h.  */
| 
| #define PACKAGE_NAME "ODE"
| #define PACKAGE_TARNAME "ode"
| #define PACKAGE_VERSION "0.8"
| #define PACKAGE_STRING "ODE 0.8"
| #define PACKAGE_BUGREPORT "ode@ode.org"
| #define PACKAGE "ODE"
| #define VERSION "0.8.0"
| /* end confdefs.h.  */
| 
| int
| main ()
| {
| exit (42);
|   ;
|   return 0;
| }
configure:5145: g++ -c -g -O2  conftest.cc >&5
/usr/include/stdlib.h:158: error: declaration of 'void std::exit(int)' throws different exceptions
conftest.cc:11: error: than previous declaration 'void std::exit(int) throw ()'
configure:5151: $? = 1
configure: failed program was:
| /* confdefs.h.  */
| 
| #define PACKAGE_NAME "ODE"
| #define PACKAGE_TARNAME "ode"
| #define PACKAGE_VERSION "0.8"
| #define PACKAGE_STRING "ODE 0.8"
| #define PACKAGE_BUGREPORT "ode@ode.org"
| #define PACKAGE "ODE"
| #define VERSION "0.8.0"
| /* end confdefs.h.  */
| extern "C" void std::exit (int) throw (); using std::exit;
| #include <stdlib.h>
| int
| main ()
| {
| exit (42);
|   ;
|   return 0;
| }
configure:5145: g++ -c -g -O2  conftest.cc >&5
configure:5151: $? = 0
configure:5155: test -z 
			 || test ! -s conftest.err
configure:5158: $? = 0
configure:5161: test -s conftest.o
configure:5164: $? = 0
configure:5190: g++ -c -g -O2  conftest.cc >&5
configure:5196: $? = 0
configure:5200: test -z 
			 || test ! -s conftest.err
configure:5203: $? = 0
configure:5206: test -s conftest.o
configure:5209: $? = 0
configure:5234: checking dependency style of g++
configure:5324: result: gcc3
configure:5354: checking for a BSD-compatible install
configure:5409: result: /usr/bin/install -c
configure:5467: checking for windres
configure:5496: result: no
configure:5506: checking for an ANSI C-conforming const
configure:5573: gcc -c -g -O2  conftest.c >&5
configure:5579: $? = 0
configure:5583: test -z 
			 || test ! -s conftest.err
configure:5586: $? = 0
configure:5589: test -s conftest.o
configure:5592: $? = 0
configure:5603: result: yes
configure:5613: checking for inline
configure:5634: gcc -c -g -O2  conftest.c >&5
configure:5640: $? = 0
configure:5644: test -z 
			 || test ! -s conftest.err
configure:5647: $? = 0
configure:5650: test -s conftest.o
configure:5653: $? = 0
configure:5665: result: inline
configure:5684: checking for working volatile
configure:5707: gcc -c -g -O2  conftest.c >&5
configure:5713: $? = 0
configure:5717: test -z 
			 || test ! -s conftest.err
configure:5720: $? = 0
configure:5723: test -s conftest.o
configure:5726: $? = 0
configure:5737: result: yes
configure:5747: checking for egrep
configure:5757: result: grep -E
configure:5762: checking for ANSI C header files
configure:5787: gcc -c -g -O2  conftest.c >&5
configure:5793: $? = 0
configure:5797: test -z 
			 || test ! -s conftest.err
configure:5800: $? = 0
configure:5803: test -s conftest.o
configure:5806: $? = 0
configure:5892: gcc -o conftest -g -O2   conftest.c  >&5
conftest.c: In function 'main':
conftest.c:31: warning: incompatible implicit declaration of built-in function 'exit'
configure:5895: $? = 0
configure:5897: ./conftest
configure:5900: $? = 0
configure:5915: result: yes
configure:5939: checking for sys/types.h
configure:5955: gcc -c -g -O2  conftest.c >&5
configure:5961: $? = 0
configure:5965: test -z 
			 || test ! -s conftest.err
configure:5968: $? = 0
configure:5971: test -s conftest.o
configure:5974: $? = 0
configure:5985: result: yes
configure:5939: checking for sys/stat.h
configure:5955: gcc -c -g -O2  conftest.c >&5
configure:5961: $? = 0
configure:5965: test -z 
			 || test ! -s conftest.err
configure:5968: $? = 0
configure:5971: test -s conftest.o
configure:5974: $? = 0
configure:5985: result: yes
configure:5939: checking for stdlib.h
configure:5955: gcc -c -g -O2  conftest.c >&5
configure:5961: $? = 0
configure:5965: test -z 
			 || test ! -s conftest.err
configure:5968: $? = 0
configure:5971: test -s conftest.o
configure:5974: $? = 0
configure:5985: result: yes
configure:5939: checking for string.h
configure:5955: gcc -c -g -O2  conftest.c >&5
configure:5961: $? = 0
configure:5965: test -z 
			 || test ! -s conftest.err
configure:5968: $? = 0
configure:5971: test -s conftest.o
configure:5974: $? = 0
configure:5985: result: yes
configure:5939: checking for memory.h
configure:5955: gcc -c -g -O2  conftest.c >&5
configure:5961: $? = 0
configure:5965: test -z 
			 || test ! -s conftest.err
configure:5968: $? = 0
configure:5971: test -s conftest.o
configure:5974: $? = 0
configure:5985: result: yes
configure:5939: checking for strings.h
configure:5955: gcc -c -g -O2  conftest.c >&5
configure:5961: $? = 0
configure:5965: test -z 
			 || test ! -s conftest.err
configure:5968: $? = 0
configure:5971: test -s conftest.o
configure:5974: $? = 0
configure:5985: result: yes
configure:5939: checking for inttypes.h
configure:5955: gcc -c -g -O2  conftest.c >&5
configure:5961: $? = 0
configure:5965: test -z 
			 || test ! -s conftest.err
configure:5968: $? = 0
configure:5971: test -s conftest.o
configure:5974: $? = 0
configure:5985: result: yes
configure:5939: checking for stdint.h
configure:5955: gcc -c -g -O2  conftest.c >&5
configure:5961: $? = 0
configure:5965: test -z 
			 || test ! -s conftest.err
configure:5968: $? = 0
configure:5971: test -s conftest.o
configure:5974: $? = 0
configure:5985: result: yes
configure:5939: checking for unistd.h
configure:5955: gcc -c -g -O2  conftest.c >&5
configure:5961: $? = 0
configure:5965: test -z 
			 || test ! -s conftest.err
configure:5968: $? = 0
configure:5971: test -s conftest.o
configure:5974: $? = 0
configure:5985: result: yes
configure:5997: checking for stdbool.h that conforms to C99
configure:6050: gcc -c -g -O2  conftest.c >&5
configure:6056: $? = 0
configure:6060: test -z 
			 || test ! -s conftest.err
configure:6063: $? = 0
configure:6066: test -s conftest.o
configure:6069: $? = 0
configure:6080: result: yes
configure:6082: checking for _Bool
configure:6106: gcc -c -g -O2  conftest.c >&5
configure:6112: $? = 0
configure:6116: test -z 
			 || test ! -s conftest.err
configure:6119: $? = 0
configure:6122: test -s conftest.o
configure:6125: $? = 0
configure:6136: result: yes
configure:6196: checking for ranlib
configure:6212: found /usr/bin/ranlib
configure:6223: result: ranlib
configure:6235: checking for size_t
configure:6259: gcc -c -g -O2  conftest.c >&5
configure:6265: $? = 0
configure:6269: test -z 
			 || test ! -s conftest.err
configure:6272: $? = 0
configure:6275: test -s conftest.o
configure:6278: $? = 0
configure:6289: result: yes
configure:6302: checking if a soname should be set
configure:6311: result: no
configure:6325: checking if tests should be built
configure:6334: result: yes
configure:6398: checking alloca.h usability
configure:6410: gcc -c -g -O2  conftest.c >&5
configure:6416: $? = 0
configure:6420: test -z 
			 || test ! -s conftest.err
configure:6423: $? = 0
configure:6426: test -s conftest.o
configure:6429: $? = 0
configure:6439: result: yes
configure:6443: checking alloca.h presence
configure:6453: gcc -E  conftest.c
configure:6459: $? = 0
configure:6479: result: yes
configure:6514: checking for alloca.h
configure:6521: result: yes
configure:6398: checking ieeefp.h usability
configure:6410: gcc -c -g -O2  conftest.c >&5
conftest.c:61:20: error: ieeefp.h: No such file or directory
configure:6416: $? = 1
configure: failed program was:
| /* confdefs.h.  */
| 
| #define PACKAGE_NAME "ODE"
| #define PACKAGE_TARNAME "ode"
| #define PACKAGE_VERSION "0.8"
| #define PACKAGE_STRING "ODE 0.8"
| #define PACKAGE_BUGREPORT "ode@ode.org"
| #define PACKAGE "ODE"
| #define VERSION "0.8.0"
| #ifdef __cplusplus
| extern "C" void std::exit (int); using std::exit;
| #endif
| #define STDC_HEADERS 1
| #define HAVE_SYS_TYPES_H 1
| #define HAVE_SYS_STAT_H 1
| #define HAVE_STDLIB_H 1
| #define HAVE_STRING_H 1
| #define HAVE_MEMORY_H 1
| #define HAVE_STRINGS_H 1
| #define HAVE_INTTYPES_H 1
| #define HAVE_STDINT_H 1
| #define HAVE_UNISTD_H 1
| #define HAVE__BOOL 1
| #define HAVE_STDBOOL_H 1
| #define HAVE_ALLOCA_H 1
| /* end confdefs.h.  */
| #include <stdio.h>
| #if HAVE_SYS_TYPES_H
| # include <sys/types.h>
| #endif
| #if HAVE_SYS_STAT_H
| # include <sys/stat.h>
| #endif
| #if STDC_HEADERS
| # include <stdlib.h>
| # include <stddef.h>
| #else
| # if HAVE_STDLIB_H
| #  include <stdlib.h>
| # endif
| #endif
| #if HAVE_STRING_H
| # if !STDC_HEADERS && HAVE_MEMORY_H
| #  include <memory.h>
| # endif
| # include <string.h>
| #endif
| #if HAVE_STRINGS_H
| # include <strings.h>
| #endif
| #if HAVE_INTTYPES_H
| # include <inttypes.h>
| #else
| # if HAVE_STDINT_H
| #  include <stdint.h>
| # endif
| #endif
| #if HAVE_UNISTD_H
| # include <unistd.h>
| #endif
| #include <ieeefp.h>
configure:6439: result: no
configure:6443: checking ieeefp.h presence
configure:6453: gcc -E  conftest.c
conftest.c:27:20: error: ieeefp.h: No such file or directory
configure:6459: $? = 1
configure: failed program was:
| /* confdefs.h.  */
| 
| #define PACKAGE_NAME "ODE"
| #define PACKAGE_TARNAME "ode"
| #define PACKAGE_VERSION "0.8"
| #define PACKAGE_STRING "ODE 0.8"
| #define PACKAGE_BUGREPORT "ode@ode.org"
| #define PACKAGE "ODE"
| #define VERSION "0.8.0"
| #ifdef __cplusplus
| extern "C" void std::exit (int); using std::exit;
| #endif
| #define STDC_HEADERS 1
| #define HAVE_SYS_TYPES_H 1
| #define HAVE_SYS_STAT_H 1
| #define HAVE_STDLIB_H 1
| #define HAVE_STRING_H 1
| #define HAVE_MEMORY_H 1
| #define HAVE_STRINGS_H 1
| #define HAVE_INTTYPES_H 1
| #define HAVE_STDINT_H 1
| #define HAVE_UNISTD_H 1
| #define HAVE__BOOL 1
| #define HAVE_STDBOOL_H 1
| #define HAVE_ALLOCA_H 1
| /* end confdefs.h.  */
| #include <ieeefp.h>
configure:6479: result: no
configure:6514: checking for ieeefp.h
configure:6521: result: no
configure:6398: checking stdio.h usability
configure:6410: gcc -c -g -O2  conftest.c >&5
configure:6416: $? = 0
configure:6420: test -z 
			 || test ! -s conftest.err
configure:6423: $? = 0
configure:6426: test -s conftest.o
configure:6429: $? = 0
configure:6439: result: yes
configure:6443: checking stdio.h presence
configure:6453: gcc -E  conftest.c
configure:6459: $? = 0
configure:6479: result: yes
configure:6514: checking for stdio.h
configure:6521: result: yes
configure:6389: checking for stdlib.h
configure:6394: result: yes
configure:6398: checking math.h usability
configure:6410: gcc -c -g -O2  conftest.c >&5
configure:6416: $? = 0
configure:6420: test -z 
			 || test ! -s conftest.err
configure:6423: $? = 0
configure:6426: test -s conftest.o
configure:6429: $? = 0
configure:6439: result: yes
configure:6443: checking math.h presence
configure:6453: gcc -E  conftest.c
configure:6459: $? = 0
configure:6479: result: yes
configure:6514: checking for math.h
configure:6521: result: yes
configure:6389: checking for string.h
configure:6394: result: yes
configure:6398: checking stdarg.h usability
configure:6410: gcc -c -g -O2  conftest.c >&5
configure:6416: $? = 0
configure:6420: test -z 
			 || test ! -s conftest.err
configure:6423: $? = 0
configure:6426: test -s conftest.o
configure:6429: $? = 0
configure:6439: result: yes
configure:6443: checking stdarg.h presence
configure:6453: gcc -E  conftest.c
configure:6459: $? = 0
configure:6479: result: yes
configure:6514: checking for stdarg.h
configure:6521: result: yes
configure:6398: checking malloc.h usability
configure:6410: gcc -c -g -O2  conftest.c >&5
conftest.c:66:20: error: malloc.h: No such file or directory
configure:6416: $? = 1
configure: failed program was:
| /* confdefs.h.  */
| 
| #define PACKAGE_NAME "ODE"
| #define PACKAGE_TARNAME "ode"
| #define PACKAGE_VERSION "0.8"
| #define PACKAGE_STRING "ODE 0.8"
| #define PACKAGE_BUGREPORT "ode@ode.org"
| #define PACKAGE "ODE"
| #define VERSION "0.8.0"
| #ifdef __cplusplus
| extern "C" void std::exit (int); using std::exit;
| #endif
| #define STDC_HEADERS 1
| #define HAVE_SYS_TYPES_H 1
| #define HAVE_SYS_STAT_H 1
| #define HAVE_STDLIB_H 1
| #define HAVE_STRING_H 1
| #define HAVE_MEMORY_H 1
| #define HAVE_STRINGS_H 1
| #define HAVE_INTTYPES_H 1
| #define HAVE_STDINT_H 1
| #define HAVE_UNISTD_H 1
| #define HAVE__BOOL 1
| #define HAVE_STDBOOL_H 1
| #define HAVE_ALLOCA_H 1
| #define HAVE_STDIO_H 1
| #define HAVE_STDLIB_H 1
| #define HAVE_MATH_H 1
| #define HAVE_STRING_H 1
| #define HAVE_STDARG_H 1
| /* end confdefs.h.  */
| #include <stdio.h>
| #if HAVE_SYS_TYPES_H
| # include <sys/types.h>
| #endif
| #if HAVE_SYS_STAT_H
| # include <sys/stat.h>
| #endif
| #if STDC_HEADERS
| # include <stdlib.h>
| # include <stddef.h>
| #else
| # if HAVE_STDLIB_H
| #  include <stdlib.h>
| # endif
| #endif
| #if HAVE_STRING_H
| # if !STDC_HEADERS && HAVE_MEMORY_H
| #  include <memory.h>
| # endif
| # include <string.h>
| #endif
| #if HAVE_STRINGS_H
| # include <strings.h>
| #endif
| #if HAVE_INTTYPES_H
| # include <inttypes.h>
| #else
| # if HAVE_STDINT_H
| #  include <stdint.h>
| # endif
| #endif
| #if HAVE_UNISTD_H
| # include <unistd.h>
| #endif
| #include <malloc.h>
configure:6439: result: no
configure:6443: checking malloc.h presence
configure:6453: gcc -E  conftest.c
conftest.c:32:20: error: malloc.h: No such file or directory
configure:6459: $? = 1
configure: failed program was:
| /* confdefs.h.  */
| 
| #define PACKAGE_NAME "ODE"
| #define PACKAGE_TARNAME "ode"
| #define PACKAGE_VERSION "0.8"
| #define PACKAGE_STRING "ODE 0.8"
| #define PACKAGE_BUGREPORT "ode@ode.org"
| #define PACKAGE "ODE"
| #define VERSION "0.8.0"
| #ifdef __cplusplus
| extern "C" void std::exit (int); using std::exit;
| #endif
| #define STDC_HEADERS 1
| #define HAVE_SYS_TYPES_H 1
| #define HAVE_SYS_STAT_H 1
| #define HAVE_STDLIB_H 1
| #define HAVE_STRING_H 1
| #define HAVE_MEMORY_H 1
| #define HAVE_STRINGS_H 1
| #define HAVE_INTTYPES_H 1
| #define HAVE_STDINT_H 1
| #define HAVE_UNISTD_H 1
| #define HAVE__BOOL 1
| #define HAVE_STDBOOL_H 1
| #define HAVE_ALLOCA_H 1
| #define HAVE_STDIO_H 1
| #define HAVE_STDLIB_H 1
| #define HAVE_MATH_H 1
| #define HAVE_STRING_H 1
| #define HAVE_STDARG_H 1
| /* end confdefs.h.  */
| #include <malloc.h>
configure:6479: result: no
configure:6514: checking for malloc.h
configure:6521: result: no
configure:6398: checking values.h usability
configure:6410: gcc -c -g -O2  conftest.c >&5
conftest.c:66:20: error: values.h: No such file or directory
configure:6416: $? = 1
configure: failed program was:
| /* confdefs.h.  */
| 
| #define PACKAGE_NAME "ODE"
| #define PACKAGE_TARNAME "ode"
| #define PACKAGE_VERSION "0.8"
| #define PACKAGE_STRING "ODE 0.8"
| #define PACKAGE_BUGREPORT "ode@ode.org"
| #define PACKAGE "ODE"
| #define VERSION "0.8.0"
| #ifdef __cplusplus
| extern "C" void std::exit (int); using std::exit;
| #endif
| #define STDC_HEADERS 1
| #define HAVE_SYS_TYPES_H 1
| #define HAVE_SYS_STAT_H 1
| #define HAVE_STDLIB_H 1
| #define HAVE_STRING_H 1
| #define HAVE_MEMORY_H 1
| #define HAVE_STRINGS_H 1
| #define HAVE_INTTYPES_H 1
| #define HAVE_STDINT_H 1
| #define HAVE_UNISTD_H 1
| #define HAVE__BOOL 1
| #define HAVE_STDBOOL_H 1
| #define HAVE_ALLOCA_H 1
| #define HAVE_STDIO_H 1
| #define HAVE_STDLIB_H 1
| #define HAVE_MATH_H 1
| #define HAVE_STRING_H 1
| #define HAVE_STDARG_H 1
| /* end confdefs.h.  */
| #include <stdio.h>
| #if HAVE_SYS_TYPES_H
| # include <sys/types.h>
| #endif
| #if HAVE_SYS_STAT_H
| # include <sys/stat.h>
| #endif
| #if STDC_HEADERS
| # include <stdlib.h>
| # include <stddef.h>
| #else
| # if HAVE_STDLIB_H
| #  include <stdlib.h>
| # endif
| #endif
| #if HAVE_STRING_H
| # if !STDC_HEADERS && HAVE_MEMORY_H
| #  include <memory.h>
| # endif
| # include <string.h>
| #endif
| #if HAVE_STRINGS_H
| # include <strings.h>
| #endif
| #if HAVE_INTTYPES_H
| # include <inttypes.h>
| #else
| # if HAVE_STDINT_H
| #  include <stdint.h>
| # endif
| #endif
| #if HAVE_UNISTD_H
| # include <unistd.h>
| #endif
| #include <values.h>
configure:6439: result: no
configure:6443: checking values.h presence
configure:6453: gcc -E  conftest.c
conftest.c:32:20: error: values.h: No such file or directory
configure:6459: $? = 1
configure: failed program was:
| /* confdefs.h.  */
| 
| #define PACKAGE_NAME "ODE"
| #define PACKAGE_TARNAME "ode"
| #define PACKAGE_VERSION "0.8"
| #define PACKAGE_STRING "ODE 0.8"
| #define PACKAGE_BUGREPORT "ode@ode.org"
| #define PACKAGE "ODE"
| #define VERSION "0.8.0"
| #ifdef __cplusplus
| extern "C" void std::exit (int); using std::exit;
| #endif
| #define STDC_HEADERS 1
| #define HAVE_SYS_TYPES_H 1
| #define HAVE_SYS_STAT_H 1
| #define HAVE_STDLIB_H 1
| #define HAVE_STRING_H 1
| #define HAVE_MEMORY_H 1
| #define HAVE_STRINGS_H 1
| #define HAVE_INTTYPES_H 1
| #define HAVE_STDINT_H 1
| #define HAVE_UNISTD_H 1
| #define HAVE__BOOL 1
| #define HAVE_STDBOOL_H 1
| #define HAVE_ALLOCA_H 1
| #define HAVE_STDIO_H 1
| #define HAVE_STDLIB_H 1
| #define HAVE_MATH_H 1
| #define HAVE_STRING_H 1
| #define HAVE_STDARG_H 1
| /* end confdefs.h.  */
| #include <values.h>
configure:6479: result: no
configure:6514: checking for values.h
configure:6521: result: no
configure:6398: checking float.h usability
configure:6410: gcc -c -g -O2  conftest.c >&5
configure:6416: $? = 0
configure:6420: test -z 
			 || test ! -s conftest.err
configure:6423: $? = 0
configure:6426: test -s conftest.o
configure:6429: $? = 0
configure:6439: result: yes
configure:6443: checking float.h presence
configure:6453: gcc -E  conftest.c
configure:6459: $? = 0
configure:6479: result: yes
configure:6514: checking for float.h
configure:6521: result: yes
configure:6398: checking time.h usability
configure:6410: gcc -c -g -O2  conftest.c >&5
configure:6416: $? = 0
configure:6420: test -z 
			 || test ! -s conftest.err
configure:6423: $? = 0
configure:6426: test -s conftest.o
configure:6429: $? = 0
configure:6439: result: yes
configure:6443: checking time.h presence
configure:6453: gcc -E  conftest.c
configure:6459: $? = 0
configure:6479: result: yes
configure:6514: checking for time.h
configure:6521: result: yes
configure:6398: checking sys/time.h usability
configure:6410: gcc -c -g -O2  conftest.c >&5
configure:6416: $? = 0
configure:6420: test -z 
			 || test ! -s conftest.err
configure:6423: $? = 0
configure:6426: test -s conftest.o
configure:6429: $? = 0
configure:6439: result: yes
configure:6443: checking sys/time.h presence
configure:6453: gcc -E  conftest.c
configure:6459: $? = 0
configure:6479: result: yes
configure:6514: checking for sys/time.h
configure:6521: result: yes
configure:6588: checking if gyroscopic term should be used
configure:6597: result: yes
configure:6608: checking if double precision is requested
configure:6836: gcc -o conftest -g -O2   conftest.c  >&5
configure:6839: $? = 0
configure:6841: ./conftest
configure:6844: $? = 0
configure:6879: gcc -o conftest -g -O2   conftest.c  >&5
configure:6882: $? = 0
configure:6884: ./conftest
configure:6887: $? = 0
configure:6923: gcc -o conftest -g -O2   conftest.c  >&5
conftest.c: In function 'main':
conftest.c:42: error: 'HUGE_VALF' undeclared (first use in this function)
conftest.c:42: error: (Each undeclared identifier is reported only once
conftest.c:42: error: for each function it appears in.)
configure:6926: $? = 1
configure: program exited with status 1
configure: failed program was:
| /* confdefs.h.  */
| 
| #define PACKAGE_NAME "ODE"
| #define PACKAGE_TARNAME "ode"
| #define PACKAGE_VERSION "0.8"
| #define PACKAGE_STRING "ODE 0.8"
| #define PACKAGE_BUGREPORT "ode@ode.org"
| #define PACKAGE "ODE"
| #define VERSION "0.8.0"
| #ifdef __cplusplus
| extern "C" void std::exit (int); using std::exit;
| #endif
| #define STDC_HEADERS 1
| #define HAVE_SYS_TYPES_H 1
| #define HAVE_SYS_STAT_H 1
| #define HAVE_STDLIB_H 1
| #define HAVE_STRING_H 1
| #define HAVE_MEMORY_H 1
| #define HAVE_STRINGS_H 1
| #define HAVE_INTTYPES_H 1
| #define HAVE_STDINT_H 1
| #define HAVE_UNISTD_H 1
| #define HAVE__BOOL 1
| #define HAVE_STDBOOL_H 1
| #define HAVE_ALLOCA_H 1
| #define HAVE_STDIO_H 1
| #define HAVE_STDLIB_H 1
| #define HAVE_MATH_H 1
| #define HAVE_STRING_H 1
| #define HAVE_STDARG_H 1
| #define HAVE_FLOAT_H 1
| #define HAVE_TIME_H 1
| #define HAVE_SYS_TIME_H 1
| #define dGYROSCOPIC
| #define dSINGLE
| /* end confdefs.h.  */
| 
| #include <float.h>
| #define dInfinity HUGE_VALF
| int main()
| {
| if (dInfinity > 1e10f && -dInfinity < -1e10f && -dInfinity < dInfinity)
| return 0;
| else return -1;
| }
| 
configure:6967: gcc -o conftest -g -O2   conftest.c  >&5
configure:6970: $? = 0
configure:6972: ./conftest
configure:6975: $? = 0
configure:6990: result: no
configure:6997: checking for appropriate dInfinity constant
configure:6999: result: FLT_MAX
configure:7003: checking for float.h
configure:7008: result: yes
configure:7146: checking for appropriate dEpsilon constant
configure:7169: result: FLT_EPSILON
configure:7175: checking for a Pentium CPU
configure:7200: gcc -o conftest -g -O2   conftest.c  >&5
configure:7203: $? = 0
configure:7205: ./conftest
configure:7208: $? = 0
configure:7232: result: yes
configure:7235: checking for a x86-64 CPU
configure:7265: gcc -o conftest -g -O2   conftest.c  >&5
/var/tmp//ccB3vSas.s:17:bad register name `%rax'
/var/tmp//ccB3vSas.s:18:bad register name `%rax)'
configure:7268: $? = 1
configure: program exited with status 1
configure: failed program was:
| /* confdefs.h.  */
| 
| #define PACKAGE_NAME "ODE"
| #define PACKAGE_TARNAME "ode"
| #define PACKAGE_VERSION "0.8"
| #define PACKAGE_STRING "ODE 0.8"
| #define PACKAGE_BUGREPORT "ode@ode.org"
| #define PACKAGE "ODE"
| #define VERSION "0.8.0"
| #ifdef __cplusplus
| extern "C" void std::exit (int); using std::exit;
| #endif
| #define STDC_HEADERS 1
| #define HAVE_SYS_TYPES_H 1
| #define HAVE_SYS_STAT_H 1
| #define HAVE_STDLIB_H 1
| #define HAVE_STRING_H 1
| #define HAVE_MEMORY_H 1
| #define HAVE_STRINGS_H 1
| #define HAVE_INTTYPES_H 1
| #define HAVE_STDINT_H 1
| #define HAVE_UNISTD_H 1
| #define HAVE__BOOL 1
| #define HAVE_STDBOOL_H 1
| #define HAVE_ALLOCA_H 1
| #define HAVE_STDIO_H 1
| #define HAVE_STDLIB_H 1
| #define HAVE_MATH_H 1
| #define HAVE_STRING_H 1
| #define HAVE_STDARG_H 1
| #define HAVE_FLOAT_H 1
| #define HAVE_TIME_H 1
| #define HAVE_SYS_TIME_H 1
| #define dGYROSCOPIC
| #define dSINGLE
| #define dInfinity FLT_MAX
| #define dEpsilon FLT_EPSILON
| #define PENTIUM 1
| /* end confdefs.h.  */
| 
| int main()
| {
| int a = 0;
| int * pa = &a;
| asm ("mov %0,%%rax\n"
|      "movl (%%rax),%%eax\n"
|      : : "r"(pa) : "%rax");
| return 0;
| };
| 
configure:7297: result: no
configure:7310: checking if building a release library
configure:7330: result: no
configure:7333: checking if building a debug library
configure:7348: result: no
configure:7352: checking for char
configure:7376: gcc -c -g -O2  conftest.c >&5
configure:7382: $? = 0
configure:7386: test -z 
			 || test ! -s conftest.err
configure:7389: $? = 0
configure:7392: test -s conftest.o
configure:7395: $? = 0
configure:7406: result: yes
configure:7409: checking size of char
configure:7728: gcc -o conftest -g -O2   conftest.c  >&5
configure:7731: $? = 0
configure:7733: ./conftest
configure:7736: $? = 0
configure:7759: result: 1
configure:7766: checking for int
configure:7790: gcc -c -g -O2  conftest.c >&5
configure:7796: $? = 0
configure:7800: test -z 
			 || test ! -s conftest.err
configure:7803: $? = 0
configure:7806: test -s conftest.o
configure:7809: $? = 0
configure:7820: result: yes
configure:7823: checking size of int
configure:8142: gcc -o conftest -g -O2   conftest.c  >&5
configure:8145: $? = 0
configure:8147: ./conftest
configure:8150: $? = 0
configure:8173: result: 4
configure:8180: checking for short
configure:8204: gcc -c -g -O2  conftest.c >&5
configure:8210: $? = 0
configure:8214: test -z 
			 || test ! -s conftest.err
configure:8217: $? = 0
configure:8220: test -s conftest.o
configure:8223: $? = 0
configure:8234: result: yes
configure:8237: checking size of short
configure:8556: gcc -o conftest -g -O2   conftest.c  >&5
configure:8559: $? = 0
configure:8561: ./conftest
configure:8564: $? = 0
configure:8587: result: 2
configure:8594: checking for long int
configure:8618: gcc -c -g -O2  conftest.c >&5
configure:8624: $? = 0
configure:8628: test -z 
			 || test ! -s conftest.err
configure:8631: $? = 0
configure:8634: test -s conftest.o
configure:8637: $? = 0
configure:8648: result: yes
configure:8651: checking size of long int
configure:8970: gcc -o conftest -g -O2   conftest.c  >&5
configure:8973: $? = 0
configure:8975: ./conftest
configure:8978: $? = 0
configure:9001: result: 4
configure:9008: checking for void*
configure:9032: gcc -c -g -O2  conftest.c >&5
configure:9038: $? = 0
configure:9042: test -z 
			 || test ! -s conftest.err
configure:9045: $? = 0
configure:9048: test -s conftest.o
configure:9051: $? = 0
configure:9062: result: yes
configure:9065: checking size of void*
configure:9384: gcc -o conftest -g -O2   conftest.c  >&5
configure:9387: $? = 0
configure:9389: ./conftest
configure:9392: $? = 0
configure:9415: result: 4
configure:9479: checking which drawstuff lib to build
configure:9481: result: OSX
configure:9484: checking for the suffix of shared libraries
configure:9486: result: .dylib
configure:10084: checking for main in -lcomctl32
configure:10108: g++ -o conftest -g -O2 -I/usr/X11R6/include -L/usr/X11R6/lib   conftest.c -lcomctl32   >&5
/usr/bin/ld: can't locate file for: -lcomctl32
collect2: ld returned 1 exit status
configure:10114: $? = 1
configure: failed program was:
| /* confdefs.h.  */
| 
| #define PACKAGE_NAME "ODE"
| #define PACKAGE_TARNAME "ode"
| #define PACKAGE_VERSION "0.8"
| #define PACKAGE_STRING "ODE 0.8"
| #define PACKAGE_BUGREPORT "ode@ode.org"
| #define PACKAGE "ODE"
| #define VERSION "0.8.0"
| #ifdef __cplusplus
| extern "C" void std::exit (int); using std::exit;
| #endif
| #define STDC_HEADERS 1
| #define HAVE_SYS_TYPES_H 1
| #define HAVE_SYS_STAT_H 1
| #define HAVE_STDLIB_H 1
| #define HAVE_STRING_H 1
| #define HAVE_MEMORY_H 1
| #define HAVE_STRINGS_H 1
| #define HAVE_INTTYPES_H 1
| #define HAVE_STDINT_H 1
| #define HAVE_UNISTD_H 1
| #define HAVE__BOOL 1
| #define HAVE_STDBOOL_H 1
| #define HAVE_ALLOCA_H 1
| #define HAVE_STDIO_H 1
| #define HAVE_STDLIB_H 1
| #define HAVE_MATH_H 1
| #define HAVE_STRING_H 1
| #define HAVE_STDARG_H 1
| #define HAVE_FLOAT_H 1
| #define HAVE_TIME_H 1
| #define HAVE_SYS_TIME_H 1
| #define dGYROSCOPIC
| #define dSINGLE
| #define dInfinity FLT_MAX
| #define dEpsilon FLT_EPSILON
| #define PENTIUM 1
| #define SIZEOF_CHAR 1
| #define SIZEOF_INT 4
| #define SIZEOF_SHORT 2
| #define SIZEOF_LONG_INT 4
| #define SIZEOF_VOIDP 4
| #define SO_EXT ".dylib"
| #define HAVE_APPLE_OPENGL_FRAMEWORK 1
| /* end confdefs.h.  */
| 
| 
| int
| main ()
| {
| main ();
|   ;
|   return 0;
| }
configure:10140: result: no
configure:10146: checking for main in -lkernel32
configure:10170: g++ -o conftest -g -O2 -I/usr/X11R6/include -L/usr/X11R6/lib   conftest.c -lkernel32   >&5
/usr/bin/ld: can't locate file for: -lkernel32
collect2: ld returned 1 exit status
configure:10176: $? = 1
configure: failed program was:
| /* confdefs.h.  */
| 
| #define PACKAGE_NAME "ODE"
| #define PACKAGE_TARNAME "ode"
| #define PACKAGE_VERSION "0.8"
| #define PACKAGE_STRING "ODE 0.8"
| #define PACKAGE_BUGREPORT "ode@ode.org"
| #define PACKAGE "ODE"
| #define VERSION "0.8.0"
| #ifdef __cplusplus
| extern "C" void std::exit (int); using std::exit;
| #endif
| #define STDC_HEADERS 1
| #define HAVE_SYS_TYPES_H 1
| #define HAVE_SYS_STAT_H 1
| #define HAVE_STDLIB_H 1
| #define HAVE_STRING_H 1
| #define HAVE_MEMORY_H 1
| #define HAVE_STRINGS_H 1
| #define HAVE_INTTYPES_H 1
| #define HAVE_STDINT_H 1
| #define HAVE_UNISTD_H 1
| #define HAVE__BOOL 1
| #define HAVE_STDBOOL_H 1
| #define HAVE_ALLOCA_H 1
| #define HAVE_STDIO_H 1
| #define HAVE_STDLIB_H 1
| #define HAVE_MATH_H 1
| #define HAVE_STRING_H 1
| #define HAVE_STDARG_H 1
| #define HAVE_FLOAT_H 1
| #define HAVE_TIME_H 1
| #define HAVE_SYS_TIME_H 1
| #define dGYROSCOPIC
| #define dSINGLE
| #define dInfinity FLT_MAX
| #define dEpsilon FLT_EPSILON
| #define PENTIUM 1
| #define SIZEOF_CHAR 1
| #define SIZEOF_INT 4
| #define SIZEOF_SHORT 2
| #define SIZEOF_LONG_INT 4
| #define SIZEOF_VOIDP 4
| #define SO_EXT ".dylib"
| #define HAVE_APPLE_OPENGL_FRAMEWORK 1
| /* end confdefs.h.  */
| 
| 
| int
| main ()
| {
| main ();
|   ;
|   return 0;
| }
configure:10202: result: no
configure:10208: checking for main in -luser32
configure:10232: g++ -o conftest -g -O2 -I/usr/X11R6/include -L/usr/X11R6/lib   conftest.c -luser32   >&5
/usr/bin/ld: can't locate file for: -luser32
collect2: ld returned 1 exit status
configure:10238: $? = 1
configure: failed program was:
| /* confdefs.h.  */
| 
| #define PACKAGE_NAME "ODE"
| #define PACKAGE_TARNAME "ode"
| #define PACKAGE_VERSION "0.8"
| #define PACKAGE_STRING "ODE 0.8"
| #define PACKAGE_BUGREPORT "ode@ode.org"
| #define PACKAGE "ODE"
| #define VERSION "0.8.0"
| #ifdef __cplusplus
| extern "C" void std::exit (int); using std::exit;
| #endif
| #define STDC_HEADERS 1
| #define HAVE_SYS_TYPES_H 1
| #define HAVE_SYS_STAT_H 1
| #define HAVE_STDLIB_H 1
| #define HAVE_STRING_H 1
| #define HAVE_MEMORY_H 1
| #define HAVE_STRINGS_H 1
| #define HAVE_INTTYPES_H 1
| #define HAVE_STDINT_H 1
| #define HAVE_UNISTD_H 1
| #define HAVE__BOOL 1
| #define HAVE_STDBOOL_H 1
| #define HAVE_ALLOCA_H 1
| #define HAVE_STDIO_H 1
| #define HAVE_STDLIB_H 1
| #define HAVE_MATH_H 1
| #define HAVE_STRING_H 1
| #define HAVE_STDARG_H 1
| #define HAVE_FLOAT_H 1
| #define HAVE_TIME_H 1
| #define HAVE_SYS_TIME_H 1
| #define dGYROSCOPIC
| #define dSINGLE
| #define dInfinity FLT_MAX
| #define dEpsilon FLT_EPSILON
| #define PENTIUM 1
| #define SIZEOF_CHAR 1
| #define SIZEOF_INT 4
| #define SIZEOF_SHORT 2
| #define SIZEOF_LONG_INT 4
| #define SIZEOF_VOIDP 4
| #define SO_EXT ".dylib"
| #define HAVE_APPLE_OPENGL_FRAMEWORK 1
| /* end confdefs.h.  */
| 
| 
| int
| main ()
| {
| main ();
|   ;
|   return 0;
| }
configure:10264: result: no
configure:10270: checking for main in -lgdi32
configure:10294: g++ -o conftest -g -O2 -I/usr/X11R6/include -L/usr/X11R6/lib   conftest.c -lgdi32   >&5
/usr/bin/ld: can't locate file for: -lgdi32
collect2: ld returned 1 exit status
configure:10300: $? = 1
configure: failed program was:
| /* confdefs.h.  */
| 
| #define PACKAGE_NAME "ODE"
| #define PACKAGE_TARNAME "ode"
| #define PACKAGE_VERSION "0.8"
| #define PACKAGE_STRING "ODE 0.8"
| #define PACKAGE_BUGREPORT "ode@ode.org"
| #define PACKAGE "ODE"
| #define VERSION "0.8.0"
| #ifdef __cplusplus
| extern "C" void std::exit (int); using std::exit;
| #endif
| #define STDC_HEADERS 1
| #define HAVE_SYS_TYPES_H 1
| #define HAVE_SYS_STAT_H 1
| #define HAVE_STDLIB_H 1
| #define HAVE_STRING_H 1
| #define HAVE_MEMORY_H 1
| #define HAVE_STRINGS_H 1
| #define HAVE_INTTYPES_H 1
| #define HAVE_STDINT_H 1
| #define HAVE_UNISTD_H 1
| #define HAVE__BOOL 1
| #define HAVE_STDBOOL_H 1
| #define HAVE_ALLOCA_H 1
| #define HAVE_STDIO_H 1
| #define HAVE_STDLIB_H 1
| #define HAVE_MATH_H 1
| #define HAVE_STRING_H 1
| #define HAVE_STDARG_H 1
| #define HAVE_FLOAT_H 1
| #define HAVE_TIME_H 1
| #define HAVE_SYS_TIME_H 1
| #define dGYROSCOPIC
| #define dSINGLE
| #define dInfinity FLT_MAX
| #define dEpsilon FLT_EPSILON
| #define PENTIUM 1
| #define SIZEOF_CHAR 1
| #define SIZEOF_INT 4
| #define SIZEOF_SHORT 2
| #define SIZEOF_LONG_INT 4
| #define SIZEOF_VOIDP 4
| #define SO_EXT ".dylib"
| #define HAVE_APPLE_OPENGL_FRAMEWORK 1
| /* end confdefs.h.  */
| 
| 
| int
| main ()
| {
| main ();
|   ;
|   return 0;
| }
configure:10326: result: no
configure:10332: checking for main in -lwinmm
configure:10356: g++ -o conftest -g -O2 -I/usr/X11R6/include -L/usr/X11R6/lib   conftest.c -lwinmm   >&5
/usr/bin/ld: can't locate file for: -lwinmm
collect2: ld returned 1 exit status
configure:10362: $? = 1
configure: failed program was:
| /* confdefs.h.  */
| 
| #define PACKAGE_NAME "ODE"
| #define PACKAGE_TARNAME "ode"
| #define PACKAGE_VERSION "0.8"
| #define PACKAGE_STRING "ODE 0.8"
| #define PACKAGE_BUGREPORT "ode@ode.org"
| #define PACKAGE "ODE"
| #define VERSION "0.8.0"
| #ifdef __cplusplus
| extern "C" void std::exit (int); using std::exit;
| #endif
| #define STDC_HEADERS 1
| #define HAVE_SYS_TYPES_H 1
| #define HAVE_SYS_STAT_H 1
| #define HAVE_STDLIB_H 1
| #define HAVE_STRING_H 1
| #define HAVE_MEMORY_H 1
| #define HAVE_STRINGS_H 1
| #define HAVE_INTTYPES_H 1
| #define HAVE_STDINT_H 1
| #define HAVE_UNISTD_H 1
| #define HAVE__BOOL 1
| #define HAVE_STDBOOL_H 1
| #define HAVE_ALLOCA_H 1
| #define HAVE_STDIO_H 1
| #define HAVE_STDLIB_H 1
| #define HAVE_MATH_H 1
| #define HAVE_STRING_H 1
| #define HAVE_STDARG_H 1
| #define HAVE_FLOAT_H 1
| #define HAVE_TIME_H 1
| #define HAVE_SYS_TIME_H 1
| #define dGYROSCOPIC
| #define dSINGLE
| #define dInfinity FLT_MAX
| #define dEpsilon FLT_EPSILON
| #define PENTIUM 1
| #define SIZEOF_CHAR 1
| #define SIZEOF_INT 4
| #define SIZEOF_SHORT 2
| #define SIZEOF_LONG_INT 4
| #define SIZEOF_VOIDP 4
| #define SO_EXT ".dylib"
| #define HAVE_APPLE_OPENGL_FRAMEWORK 1
| /* end confdefs.h.  */
| 
| 
| int
| main ()
| {
| main ();
|   ;
|   return 0;
| }
configure:10388: result: no
configure:10395: checking for main in -lstdc++
configure:10419: g++ -o conftest -g -O2 -I/usr/X11R6/include -L/usr/X11R6/lib   conftest.c -lstdc++   >&5
configure:10425: $? = 0
configure:10429: test -z 
			 || test ! -s conftest.err
configure:10432: $? = 0
configure:10435: test -s conftest
configure:10438: $? = 0
configure:10451: result: yes
configure:10457: checking for main in -lm
configure:10481: g++ -o conftest -g -O2 -I/usr/X11R6/include -L/usr/X11R6/lib   conftest.c -lm   -lstdc++ >&5
configure:10487: $? = 0
configure:10491: test -z 
			 || test ! -s conftest.err
configure:10494: $? = 0
configure:10497: test -s conftest
configure:10500: $? = 0
configure:10513: result: yes
configure:10519: checking for main in -lpthread
configure:10543: g++ -o conftest -g -O2 -I/usr/X11R6/include -L/usr/X11R6/lib   conftest.c -lpthread   -lstdc++ -lm >&5
configure:10549: $? = 0
configure:10553: test -z 
			 || test ! -s conftest.err
configure:10556: $? = 0
configure:10559: test -s conftest
configure:10562: $? = 0
configure:10575: result: yes
configure:10586: checking for gprof
configure:10665: result: no
configure:10694: checking for floor
configure:10751: g++ -o conftest -g -O2 -I/usr/X11R6/include -L/usr/X11R6/lib   conftest.c  -lstdc++ -lm -lpthread >&5
configure:10757: $? = 0
configure:10761: test -z 
			 || test ! -s conftest.err
configure:10764: $? = 0
configure:10767: test -s conftest
configure:10770: $? = 0
configure:10782: result: yes
configure:10694: checking for memmove
configure:10751: g++ -o conftest -g -O2 -I/usr/X11R6/include -L/usr/X11R6/lib   conftest.c  -lstdc++ -lm -lpthread >&5
configure:10757: $? = 0
configure:10761: test -z 
			 || test ! -s conftest.err
configure:10764: $? = 0
configure:10767: test -s conftest
configure:10770: $? = 0
configure:10782: result: yes
configure:10694: checking for memset
configure:10751: g++ -o conftest -g -O2 -I/usr/X11R6/include -L/usr/X11R6/lib   conftest.c  -lstdc++ -lm -lpthread >&5
configure:10757: $? = 0
configure:10761: test -z 
			 || test ! -s conftest.err
configure:10764: $? = 0
configure:10767: test -s conftest
configure:10770: $? = 0
configure:10782: result: yes
configure:10694: checking for select
configure:10751: g++ -o conftest -g -O2 -I/usr/X11R6/include -L/usr/X11R6/lib   conftest.c  -lstdc++ -lm -lpthread >&5
configure:10757: $? = 0
configure:10761: test -z 
			 || test ! -s conftest.err
configure:10764: $? = 0
configure:10767: test -s conftest
configure:10770: $? = 0
configure:10782: result: yes
configure:10694: checking for sqrt
configure:10751: g++ -o conftest -g -O2 -I/usr/X11R6/include -L/usr/X11R6/lib   conftest.c  -lstdc++ -lm -lpthread >&5
configure:10757: $? = 0
configure:10761: test -z 
			 || test ! -s conftest.err
configure:10764: $? = 0
configure:10767: test -s conftest
configure:10770: $? = 0
configure:10782: result: yes
configure:10694: checking for sqrtf
configure:10751: g++ -o conftest -g -O2 -I/usr/X11R6/include -L/usr/X11R6/lib   conftest.c  -lstdc++ -lm -lpthread >&5
configure:10757: $? = 0
configure:10761: test -z 
			 || test ! -s conftest.err
configure:10764: $? = 0
configure:10767: test -s conftest
configure:10770: $? = 0
configure:10782: result: yes
configure:10694: checking for sinf
configure:10751: g++ -o conftest -g -O2 -I/usr/X11R6/include -L/usr/X11R6/lib   conftest.c  -lstdc++ -lm -lpthread >&5
configure:10757: $? = 0
configure:10761: test -z 
			 || test ! -s conftest.err
configure:10764: $? = 0
configure:10767: test -s conftest
configure:10770: $? = 0
configure:10782: result: yes
configure:10694: checking for cosf
configure:10751: g++ -o conftest -g -O2 -I/usr/X11R6/include -L/usr/X11R6/lib   conftest.c  -lstdc++ -lm -lpthread >&5
configure:10757: $? = 0
configure:10761: test -z 
			 || test ! -s conftest.err
configure:10764: $? = 0
configure:10767: test -s conftest
configure:10770: $? = 0
configure:10782: result: yes
configure:10694: checking for fabsf
configure:10751: g++ -o conftest -g -O2 -I/usr/X11R6/include -L/usr/X11R6/lib   conftest.c  -lstdc++ -lm -lpthread >&5
configure:10757: $? = 0
configure:10761: test -z 
			 || test ! -s conftest.err
configure:10764: $? = 0
configure:10767: test -s conftest
configure:10770: $? = 0
configure:10782: result: yes
configure:10694: checking for atan2f
configure:10751: g++ -o conftest -g -O2 -I/usr/X11R6/include -L/usr/X11R6/lib   conftest.c  -lstdc++ -lm -lpthread >&5
configure:10757: $? = 0
configure:10761: test -z 
			 || test ! -s conftest.err
configure:10764: $? = 0
configure:10767: test -s conftest
configure:10770: $? = 0
configure:10782: result: yes
configure:10694: checking for fmodf
configure:10751: g++ -o conftest -g -O2 -I/usr/X11R6/include -L/usr/X11R6/lib   conftest.c  -lstdc++ -lm -lpthread >&5
configure:10757: $? = 0
configure:10761: test -z 
			 || test ! -s conftest.err
configure:10764: $? = 0
configure:10767: test -s conftest
configure:10770: $? = 0
configure:10782: result: yes
configure:10694: checking for copysignf
configure:10751: g++ -o conftest -g -O2 -I/usr/X11R6/include -L/usr/X11R6/lib   conftest.c  -lstdc++ -lm -lpthread >&5
configure:10757: $? = 0
configure:10761: test -z 
			 || test ! -s conftest.err
configure:10764: $? = 0
configure:10767: test -s conftest
configure:10770: $? = 0
configure:10782: result: yes
configure:10694: checking for copysign
configure:10751: g++ -o conftest -g -O2 -I/usr/X11R6/include -L/usr/X11R6/lib   conftest.c  -lstdc++ -lm -lpthread >&5
configure:10757: $? = 0
configure:10761: test -z 
			 || test ! -s conftest.err
configure:10764: $? = 0
configure:10767: test -s conftest
configure:10770: $? = 0
configure:10782: result: yes
configure:10694: checking for snprintf
configure:10751: g++ -o conftest -g -O2 -I/usr/X11R6/include -L/usr/X11R6/lib   conftest.c  -lstdc++ -lm -lpthread >&5
configure:10757: $? = 0
configure:10761: test -z 
			 || test ! -s conftest.err
configure:10764: $? = 0
configure:10767: test -s conftest
configure:10770: $? = 0
configure:10782: result: yes
configure:10694: checking for vsnprintf
configure:10751: g++ -o conftest -g -O2 -I/usr/X11R6/include -L/usr/X11R6/lib   conftest.c  -lstdc++ -lm -lpthread >&5
configure:10757: $? = 0
configure:10761: test -z 
			 || test ! -s conftest.err
configure:10764: $? = 0
configure:10767: test -s conftest
configure:10770: $? = 0
configure:10782: result: yes
configure:10694: checking for gettimeofday
configure:10751: g++ -o conftest -g -O2 -I/usr/X11R6/include -L/usr/X11R6/lib   conftest.c  -lstdc++ -lm -lpthread >&5
configure:10757: $? = 0
configure:10761: test -z 
			 || test ! -s conftest.err
configure:10764: $? = 0
configure:10767: test -s conftest
configure:10770: $? = 0
configure:10782: result: yes
configure:10694: checking for isnan
configure:10751: g++ -o conftest -g -O2 -I/usr/X11R6/include -L/usr/X11R6/lib   conftest.c  -lstdc++ -lm -lpthread >&5
configure:10757: $? = 0
configure:10761: test -z 
			 || test ! -s conftest.err
configure:10764: $? = 0
configure:10767: test -s conftest
configure:10770: $? = 0
configure:10782: result: yes
configure:10694: checking for isnanf
configure:10751: g++ -o conftest -g -O2 -I/usr/X11R6/include -L/usr/X11R6/lib   conftest.c  -lstdc++ -lm -lpthread >&5
/usr/bin/ld: Undefined symbols:
_isnanf
collect2: ld returned 1 exit status
configure:10757: $? = 1
configure: failed program was:
| /* confdefs.h.  */
| 
| #define PACKAGE_NAME "ODE"
| #define PACKAGE_TARNAME "ode"
| #define PACKAGE_VERSION "0.8"
| #define PACKAGE_STRING "ODE 0.8"
| #define PACKAGE_BUGREPORT "ode@ode.org"
| #define PACKAGE "ODE"
| #define VERSION "0.8.0"
| #ifdef __cplusplus
| extern "C" void std::exit (int); using std::exit;
| #endif
| #define STDC_HEADERS 1
| #define HAVE_SYS_TYPES_H 1
| #define HAVE_SYS_STAT_H 1
| #define HAVE_STDLIB_H 1
| #define HAVE_STRING_H 1
| #define HAVE_MEMORY_H 1
| #define HAVE_STRINGS_H 1
| #define HAVE_INTTYPES_H 1
| #define HAVE_STDINT_H 1
| #define HAVE_UNISTD_H 1
| #define HAVE__BOOL 1
| #define HAVE_STDBOOL_H 1
| #define HAVE_ALLOCA_H 1
| #define HAVE_STDIO_H 1
| #define HAVE_STDLIB_H 1
| #define HAVE_MATH_H 1
| #define HAVE_STRING_H 1
| #define HAVE_STDARG_H 1
| #define HAVE_FLOAT_H 1
| #define HAVE_TIME_H 1
| #define HAVE_SYS_TIME_H 1
| #define dGYROSCOPIC
| #define dSINGLE
| #define dInfinity FLT_MAX
| #define dEpsilon FLT_EPSILON
| #define PENTIUM 1
| #define SIZEOF_CHAR 1
| #define SIZEOF_INT 4
| #define SIZEOF_SHORT 2
| #define SIZEOF_LONG_INT 4
| #define SIZEOF_VOIDP 4
| #define SO_EXT ".dylib"
| #define HAVE_APPLE_OPENGL_FRAMEWORK 1
| #define HAVE_FLOOR 1
| #define HAVE_MEMMOVE 1
| #define HAVE_MEMSET 1
| #define HAVE_SELECT 1
| #define HAVE_SQRT 1
| #define HAVE_SQRTF 1
| #define HAVE_SINF 1
| #define HAVE_COSF 1
| #define HAVE_FABSF 1
| #define HAVE_ATAN2F 1
| #define HAVE_FMODF 1
| #define HAVE_COPYSIGNF 1
| #define HAVE_COPYSIGN 1
| #define HAVE_SNPRINTF 1
| #define HAVE_VSNPRINTF 1
| #define HAVE_GETTIMEOFDAY 1
| #define HAVE_ISNAN 1
| /* end confdefs.h.  */
| /* Define isnanf to an innocuous variant, in case <limits.h> declares isnanf.
|    For example, HP-UX 11i <limits.h> declares gettimeofday.  */
| #define isnanf innocuous_isnanf
| 
| /* System header to define __stub macros and hopefully few prototypes,
|     which can conflict with char isnanf (); below.
|     Prefer <limits.h> to <assert.h> if __STDC__ is defined, since
|     <limits.h> exists even on freestanding compilers.  */
| 
| #ifdef __STDC__
| # include <limits.h>
| #else
| # include <assert.h>
| #endif
| 
| #undef isnanf
| 
| /* Override any gcc2 internal prototype to avoid an error.  */
| #ifdef __cplusplus
| extern "C"
| {
| #endif
| /* We use char because int might match the return type of a gcc2
|    builtin and then its argument prototype would still apply.  */
| char isnanf ();
| /* The GNU C library defines this for functions which it implements
|     to always fail with ENOSYS.  Some functions are actually named
|     something starting with __ and the normal name is an alias.  */
| #if defined (__stub_isnanf) || defined (__stub___isnanf)
| choke me
| #else
| char (*f) () = isnanf;
| #endif
| #ifdef __cplusplus
| }
| #endif
| 
| int
| main ()
| {
| return f != isnanf;
|   ;
|   return 0;
| }
configure:10782: result: no
configure:10694: checking for _isnan
configure:10751: g++ -o conftest -g -O2 -I/usr/X11R6/include -L/usr/X11R6/lib   conftest.c  -lstdc++ -lm -lpthread >&5
/usr/bin/ld: Undefined symbols:
__isnan
collect2: ld returned 1 exit status
configure:10757: $? = 1
configure: failed program was:
| /* confdefs.h.  */
| 
| #define PACKAGE_NAME "ODE"
| #define PACKAGE_TARNAME "ode"
| #define PACKAGE_VERSION "0.8"
| #define PACKAGE_STRING "ODE 0.8"
| #define PACKAGE_BUGREPORT "ode@ode.org"
| #define PACKAGE "ODE"
| #define VERSION "0.8.0"
| #ifdef __cplusplus
| extern "C" void std::exit (int); using std::exit;
| #endif
| #define STDC_HEADERS 1
| #define HAVE_SYS_TYPES_H 1
| #define HAVE_SYS_STAT_H 1
| #define HAVE_STDLIB_H 1
| #define HAVE_STRING_H 1
| #define HAVE_MEMORY_H 1
| #define HAVE_STRINGS_H 1
| #define HAVE_INTTYPES_H 1
| #define HAVE_STDINT_H 1
| #define HAVE_UNISTD_H 1
| #define HAVE__BOOL 1
| #define HAVE_STDBOOL_H 1
| #define HAVE_ALLOCA_H 1
| #define HAVE_STDIO_H 1
| #define HAVE_STDLIB_H 1
| #define HAVE_MATH_H 1
| #define HAVE_STRING_H 1
| #define HAVE_STDARG_H 1
| #define HAVE_FLOAT_H 1
| #define HAVE_TIME_H 1
| #define HAVE_SYS_TIME_H 1
| #define dGYROSCOPIC
| #define dSINGLE
| #define dInfinity FLT_MAX
| #define dEpsilon FLT_EPSILON
| #define PENTIUM 1
| #define SIZEOF_CHAR 1
| #define SIZEOF_INT 4
| #define SIZEOF_SHORT 2
| #define SIZEOF_LONG_INT 4
| #define SIZEOF_VOIDP 4
| #define SO_EXT ".dylib"
| #define HAVE_APPLE_OPENGL_FRAMEWORK 1
| #define HAVE_FLOOR 1
| #define HAVE_MEMMOVE 1
| #define HAVE_MEMSET 1
| #define HAVE_SELECT 1
| #define HAVE_SQRT 1
| #define HAVE_SQRTF 1
| #define HAVE_SINF 1
| #define HAVE_COSF 1
| #define HAVE_FABSF 1
| #define HAVE_ATAN2F 1
| #define HAVE_FMODF 1
| #define HAVE_COPYSIGNF 1
| #define HAVE_COPYSIGN 1
| #define HAVE_SNPRINTF 1
| #define HAVE_VSNPRINTF 1
| #define HAVE_GETTIMEOFDAY 1
| #define HAVE_ISNAN 1
| /* end confdefs.h.  */
| /* Define _isnan to an innocuous variant, in case <limits.h> declares _isnan.
|    For example, HP-UX 11i <limits.h> declares gettimeofday.  */
| #define _isnan innocuous__isnan
| 
| /* System header to define __stub macros and hopefully few prototypes,
|     which can conflict with char _isnan (); below.
|     Prefer <limits.h> to <assert.h> if __STDC__ is defined, since
|     <limits.h> exists even on freestanding compilers.  */
| 
| #ifdef __STDC__
| # include <limits.h>
| #else
| # include <assert.h>
| #endif
| 
| #undef _isnan
| 
| /* Override any gcc2 internal prototype to avoid an error.  */
| #ifdef __cplusplus
| extern "C"
| {
| #endif
| /* We use char because int might match the return type of a gcc2
|    builtin and then its argument prototype would still apply.  */
| char _isnan ();
| /* The GNU C library defines this for functions which it implements
|     to always fail with ENOSYS.  Some functions are actually named
|     something starting with __ and the normal name is an alias.  */
| #if defined (__stub__isnan) || defined (__stub____isnan)
| choke me
| #else
| char (*f) () = _isnan;
| #endif
| #ifdef __cplusplus
| }
| #endif
| 
| int
| main ()
| {
| return f != _isnan;
|   ;
|   return 0;
| }
configure:10782: result: no
configure:10694: checking for _isnanf
configure:10751: g++ -o conftest -g -O2 -I/usr/X11R6/include -L/usr/X11R6/lib   conftest.c  -lstdc++ -lm -lpthread >&5
/usr/bin/ld: Undefined symbols:
__isnanf
collect2: ld returned 1 exit status
configure:10757: $? = 1
configure: failed program was:
| /* confdefs.h.  */
| 
| #define PACKAGE_NAME "ODE"
| #define PACKAGE_TARNAME "ode"
| #define PACKAGE_VERSION "0.8"
| #define PACKAGE_STRING "ODE 0.8"
| #define PACKAGE_BUGREPORT "ode@ode.org"
| #define PACKAGE "ODE"
| #define VERSION "0.8.0"
| #ifdef __cplusplus
| extern "C" void std::exit (int); using std::exit;
| #endif
| #define STDC_HEADERS 1
| #define HAVE_SYS_TYPES_H 1
| #define HAVE_SYS_STAT_H 1
| #define HAVE_STDLIB_H 1
| #define HAVE_STRING_H 1
| #define HAVE_MEMORY_H 1
| #define HAVE_STRINGS_H 1
| #define HAVE_INTTYPES_H 1
| #define HAVE_STDINT_H 1
| #define HAVE_UNISTD_H 1
| #define HAVE__BOOL 1
| #define HAVE_STDBOOL_H 1
| #define HAVE_ALLOCA_H 1
| #define HAVE_STDIO_H 1
| #define HAVE_STDLIB_H 1
| #define HAVE_MATH_H 1
| #define HAVE_STRING_H 1
| #define HAVE_STDARG_H 1
| #define HAVE_FLOAT_H 1
| #define HAVE_TIME_H 1
| #define HAVE_SYS_TIME_H 1
| #define dGYROSCOPIC
| #define dSINGLE
| #define dInfinity FLT_MAX
| #define dEpsilon FLT_EPSILON
| #define PENTIUM 1
| #define SIZEOF_CHAR 1
| #define SIZEOF_INT 4
| #define SIZEOF_SHORT 2
| #define SIZEOF_LONG_INT 4
| #define SIZEOF_VOIDP 4
| #define SO_EXT ".dylib"
| #define HAVE_APPLE_OPENGL_FRAMEWORK 1
| #define HAVE_FLOOR 1
| #define HAVE_MEMMOVE 1
| #define HAVE_MEMSET 1
| #define HAVE_SELECT 1
| #define HAVE_SQRT 1
| #define HAVE_SQRTF 1
| #define HAVE_SINF 1
| #define HAVE_COSF 1
| #define HAVE_FABSF 1
| #define HAVE_ATAN2F 1
| #define HAVE_FMODF 1
| #define HAVE_COPYSIGNF 1
| #define HAVE_COPYSIGN 1
| #define HAVE_SNPRINTF 1
| #define HAVE_VSNPRINTF 1
| #define HAVE_GETTIMEOFDAY 1
| #define HAVE_ISNAN 1
| /* end confdefs.h.  */
| /* Define _isnanf to an innocuous variant, in case <limits.h> declares _isnanf.
|    For example, HP-UX 11i <limits.h> declares gettimeofday.  */
| #define _isnanf innocuous__isnanf
| 
| /* System header to define __stub macros and hopefully few prototypes,
|     which can conflict with char _isnanf (); below.
|     Prefer <limits.h> to <assert.h> if __STDC__ is defined, since
|     <limits.h> exists even on freestanding compilers.  */
| 
| #ifdef __STDC__
| # include <limits.h>
| #else
| # include <assert.h>
| #endif
| 
| #undef _isnanf
| 
| /* Override any gcc2 internal prototype to avoid an error.  */
| #ifdef __cplusplus
| extern "C"
| {
| #endif
| /* We use char because int might match the return type of a gcc2
|    builtin and then its argument prototype would still apply.  */
| char _isnanf ();
| /* The GNU C library defines this for functions which it implements
|     to always fail with ENOSYS.  Some functions are actually named
|     something starting with __ and the normal name is an alias.  */
| #if defined (__stub__isnanf) || defined (__stub____isnanf)
| choke me
| #else
| char (*f) () = _isnanf;
| #endif
| #ifdef __cplusplus
| }
| #endif
| 
| int
| main ()
| {
| return f != _isnanf;
|   ;
|   return 0;
| }
configure:10782: result: no
configure:10694: checking for __isnan
configure:10751: g++ -o conftest -g -O2 -I/usr/X11R6/include -L/usr/X11R6/lib   conftest.c  -lstdc++ -lm -lpthread >&5
configure:10757: $? = 0
configure:10761: test -z 
			 || test ! -s conftest.err
configure:10764: $? = 0
configure:10767: test -s conftest
configure:10770: $? = 0
configure:10782: result: yes
configure:10694: checking for __isnanf
configure:10751: g++ -o conftest -g -O2 -I/usr/X11R6/include -L/usr/X11R6/lib   conftest.c  -lstdc++ -lm -lpthread >&5
configure:10757: $? = 0
configure:10761: test -z 
			 || test ! -s conftest.err
configure:10764: $? = 0
configure:10767: test -s conftest
configure:10770: $? = 0
configure:10782: result: yes
configure:10796: checking for working alloca.h
configure:10817: g++ -o conftest -g -O2 -I/usr/X11R6/include -L/usr/X11R6/lib   conftest.c  -lstdc++ -lm -lpthread >&5
configure:10823: $? = 0
configure:10827: test -z 
			 || test ! -s conftest.err
configure:10830: $? = 0
configure:10833: test -s conftest
configure:10836: $? = 0
configure:10848: result: yes
configure:10858: checking for alloca
configure:10899: g++ -o conftest -g -O2 -I/usr/X11R6/include -L/usr/X11R6/lib   conftest.c  -lstdc++ -lm -lpthread >&5
configure:10905: $? = 0
configure:10909: test -z 
			 || test ! -s conftest.err
configure:10912: $? = 0
configure:10915: test -s conftest
configure:10918: $? = 0
configure:10930: result: yes
configure:11158: checking for stdlib.h
configure:11163: result: yes
configure:11303: checking for GNU libc compatible malloc
configure:11332: g++ -o conftest -g -O2 -I/usr/X11R6/include -L/usr/X11R6/lib   conftest.c  -lstdc++ -lm -lpthread >&5
configure:11335: $? = 0
configure:11337: ./conftest
configure:11340: $? = 0
configure:11354: result: yes
configure:11384: checking for obstacks
configure:11405: g++ -o conftest -g -O2 -I/usr/X11R6/include -L/usr/X11R6/lib   conftest.c  -lstdc++ -lm -lpthread >&5
conftest.c:70:21: error: obstack.h: No such file or directory
conftest.c: In function 'int main()':
conftest.c:74: error: 'obstack_free' was not declared in this scope
configure:11411: $? = 1
configure: failed program was:
| /* confdefs.h.  */
| 
| #define PACKAGE_NAME "ODE"
| #define PACKAGE_TARNAME "ode"
| #define PACKAGE_VERSION "0.8"
| #define PACKAGE_STRING "ODE 0.8"
| #define PACKAGE_BUGREPORT "ode@ode.org"
| #define PACKAGE "ODE"
| #define VERSION "0.8.0"
| #ifdef __cplusplus
| extern "C" void std::exit (int); using std::exit;
| #endif
| #define STDC_HEADERS 1
| #define HAVE_SYS_TYPES_H 1
| #define HAVE_SYS_STAT_H 1
| #define HAVE_STDLIB_H 1
| #define HAVE_STRING_H 1
| #define HAVE_MEMORY_H 1
| #define HAVE_STRINGS_H 1
| #define HAVE_INTTYPES_H 1
| #define HAVE_STDINT_H 1
| #define HAVE_UNISTD_H 1
| #define HAVE__BOOL 1
| #define HAVE_STDBOOL_H 1
| #define HAVE_ALLOCA_H 1
| #define HAVE_STDIO_H 1
| #define HAVE_STDLIB_H 1
| #define HAVE_MATH_H 1
| #define HAVE_STRING_H 1
| #define HAVE_STDARG_H 1
| #define HAVE_FLOAT_H 1
| #define HAVE_TIME_H 1
| #define HAVE_SYS_TIME_H 1
| #define dGYROSCOPIC
| #define dSINGLE
| #define dInfinity FLT_MAX
| #define dEpsilon FLT_EPSILON
| #define PENTIUM 1
| #define SIZEOF_CHAR 1
| #define SIZEOF_INT 4
| #define SIZEOF_SHORT 2
| #define SIZEOF_LONG_INT 4
| #define SIZEOF_VOIDP 4
| #define SO_EXT ".dylib"
| #define HAVE_APPLE_OPENGL_FRAMEWORK 1
| #define HAVE_FLOOR 1
| #define HAVE_MEMMOVE 1
| #define HAVE_MEMSET 1
| #define HAVE_SELECT 1
| #define HAVE_SQRT 1
| #define HAVE_SQRTF 1
| #define HAVE_SINF 1
| #define HAVE_COSF 1
| #define HAVE_FABSF 1
| #define HAVE_ATAN2F 1
| #define HAVE_FMODF 1
| #define HAVE_COPYSIGNF 1
| #define HAVE_COPYSIGN 1
| #define HAVE_SNPRINTF 1
| #define HAVE_VSNPRINTF 1
| #define HAVE_GETTIMEOFDAY 1
| #define HAVE_ISNAN 1
| #define HAVE___ISNAN 1
| #define HAVE___ISNANF 1
| #define HAVE_ALLOCA_H 1
| #define HAVE_ALLOCA 1
| #define HAVE_STDLIB_H 1
| #define HAVE_MALLOC 1
| /* end confdefs.h.  */
| #include "obstack.h"
| int
| main ()
| {
| struct obstack *mem; obstack_free(mem,(char *) 0)
|   ;
|   return 0;
| }
configure:11436: result: no
configure:11460: checking for stdlib.h
configure:11465: result: yes
configure:11605: checking for GNU libc compatible realloc
configure:11634: g++ -o conftest -g -O2 -I/usr/X11R6/include -L/usr/X11R6/lib   conftest.c  -lstdc++ -lm -lpthread >&5
configure:11637: $? = 0
configure:11639: ./conftest
configure:11642: $? = 0
configure:11656: result: yes
configure:11701: checking sys/select.h usability
configure:11713: g++ -c -g -O2 -I/usr/X11R6/include -L/usr/X11R6/lib  conftest.c >&5
configure:11719: $? = 0
configure:11723: test -z 
			 || test ! -s conftest.err
configure:11726: $? = 0
configure:11729: test -s conftest.o
configure:11732: $? = 0
configure:11742: result: yes
configure:11746: checking sys/select.h presence
configure:11756: gcc -E  conftest.c
configure:11762: $? = 0
configure:11782: result: yes
configure:11817: checking for sys/select.h
configure:11824: result: yes
configure:11701: checking sys/socket.h usability
configure:11713: g++ -c -g -O2 -I/usr/X11R6/include -L/usr/X11R6/lib  conftest.c >&5
configure:11719: $? = 0
configure:11723: test -z 
			 || test ! -s conftest.err
configure:11726: $? = 0
configure:11729: test -s conftest.o
configure:11732: $? = 0
configure:11742: result: yes
configure:11746: checking sys/socket.h presence
configure:11756: gcc -E  conftest.c
configure:11762: $? = 0
configure:11782: result: yes
configure:11817: checking for sys/socket.h
configure:11824: result: yes
configure:11837: checking types of arguments for select
configure:11870: g++ -c -g -O2 -I/usr/X11R6/include -L/usr/X11R6/lib  conftest.c >&5
configure:11876: $? = 0
configure:11880: test -z 
			 || test ! -s conftest.err
configure:11883: $? = 0
configure:11886: test -s conftest.o
configure:11889: $? = 0
configure:11905: result: int,fd_set *,struct timeval *
configure:11932: checking for vprintf
configure:11989: g++ -o conftest -g -O2 -I/usr/X11R6/include -L/usr/X11R6/lib   conftest.c  -lstdc++ -lm -lpthread >&5
configure:11995: $? = 0
configure:11999: test -z 
			 || test ! -s conftest.err
configure:12002: $? = 0
configure:12005: test -s conftest
configure:12008: $? = 0
configure:12020: result: yes
configure:12027: checking for _doprnt
configure:12084: g++ -o conftest -g -O2 -I/usr/X11R6/include -L/usr/X11R6/lib   conftest.c  -lstdc++ -lm -lpthread >&5
/usr/bin/ld: Undefined symbols:
__doprnt
collect2: ld returned 1 exit status
configure:12090: $? = 1
configure: failed program was:
| /* confdefs.h.  */
| 
| #define PACKAGE_NAME "ODE"
| #define PACKAGE_TARNAME "ode"
| #define PACKAGE_VERSION "0.8"
| #define PACKAGE_STRING "ODE 0.8"
| #define PACKAGE_BUGREPORT "ode@ode.org"
| #define PACKAGE "ODE"
| #define VERSION "0.8.0"
| #ifdef __cplusplus
| extern "C" void std::exit (int); using std::exit;
| #endif
| #define STDC_HEADERS 1
| #define HAVE_SYS_TYPES_H 1
| #define HAVE_SYS_STAT_H 1
| #define HAVE_STDLIB_H 1
| #define HAVE_STRING_H 1
| #define HAVE_MEMORY_H 1
| #define HAVE_STRINGS_H 1
| #define HAVE_INTTYPES_H 1
| #define HAVE_STDINT_H 1
| #define HAVE_UNISTD_H 1
| #define HAVE__BOOL 1
| #define HAVE_STDBOOL_H 1
| #define HAVE_ALLOCA_H 1
| #define HAVE_STDIO_H 1
| #define HAVE_STDLIB_H 1
| #define HAVE_MATH_H 1
| #define HAVE_STRING_H 1
| #define HAVE_STDARG_H 1
| #define HAVE_FLOAT_H 1
| #define HAVE_TIME_H 1
| #define HAVE_SYS_TIME_H 1
| #define dGYROSCOPIC
| #define dSINGLE
| #define dInfinity FLT_MAX
| #define dEpsilon FLT_EPSILON
| #define PENTIUM 1
| #define SIZEOF_CHAR 1
| #define SIZEOF_INT 4
| #define SIZEOF_SHORT 2
| #define SIZEOF_LONG_INT 4
| #define SIZEOF_VOIDP 4
| #define SO_EXT ".dylib"
| #define HAVE_APPLE_OPENGL_FRAMEWORK 1
| #define HAVE_FLOOR 1
| #define HAVE_MEMMOVE 1
| #define HAVE_MEMSET 1
| #define HAVE_SELECT 1
| #define HAVE_SQRT 1
| #define HAVE_SQRTF 1
| #define HAVE_SINF 1
| #define HAVE_COSF 1
| #define HAVE_FABSF 1
| #define HAVE_ATAN2F 1
| #define HAVE_FMODF 1
| #define HAVE_COPYSIGNF 1
| #define HAVE_COPYSIGN 1
| #define HAVE_SNPRINTF 1
| #define HAVE_VSNPRINTF 1
| #define HAVE_GETTIMEOFDAY 1
| #define HAVE_ISNAN 1
| #define HAVE___ISNAN 1
| #define HAVE___ISNANF 1
| #define HAVE_ALLOCA_H 1
| #define HAVE_ALLOCA 1
| #define HAVE_STDLIB_H 1
| #define HAVE_MALLOC 1
| #define HAVE_STDLIB_H 1
| #define HAVE_REALLOC 1
| #define HAVE_SYS_SELECT_H 1
| #define HAVE_SYS_SOCKET_H 1
| #define SELECT_TYPE_ARG1 int
| #define SELECT_TYPE_ARG234 (fd_set *)
| #define SELECT_TYPE_ARG5 (struct timeval *)
| #define HAVE_VPRINTF 1
| /* end confdefs.h.  */
| /* Define _doprnt to an innocuous variant, in case <limits.h> declares _doprnt.
|    For example, HP-UX 11i <limits.h> declares gettimeofday.  */
| #define _doprnt innocuous__doprnt
| 
| /* System header to define __stub macros and hopefully few prototypes,
|     which can conflict with char _doprnt (); below.
|     Prefer <limits.h> to <assert.h> if __STDC__ is defined, since
|     <limits.h> exists even on freestanding compilers.  */
| 
| #ifdef __STDC__
| # include <limits.h>
| #else
| # include <assert.h>
| #endif
| 
| #undef _doprnt
| 
| /* Override any gcc2 internal prototype to avoid an error.  */
| #ifdef __cplusplus
| extern "C"
| {
| #endif
| /* We use char because int might match the return type of a gcc2
|    builtin and then its argument prototype would still apply.  */
| char _doprnt ();
| /* The GNU C library defines this for functions which it implements
|     to always fail with ENOSYS.  Some functions are actually named
|     something starting with __ and the normal name is an alias.  */
| #if defined (__stub__doprnt) || defined (__stub____doprnt)
| choke me
| #else
| char (*f) () = _doprnt;
| #endif
| #ifdef __cplusplus
| }
| #endif
| 
| int
| main ()
| {
| return f != _doprnt;
|   ;
|   return 0;
| }
configure:12115: result: no
configure:12317: creating ./config.status

## ---------------------- ##
## Running config.status. ##
## ---------------------- ##

This file was extended by ODE config.status 0.8, which was
generated by GNU Autoconf 2.59.  Invocation command line was

  CONFIG_FILES    = 
  CONFIG_HEADERS  = 
  CONFIG_LINKS    = 
  CONFIG_COMMANDS = 
  $ ./config.status 

on pmorelle-rob-0.etu.utc

config.status:756: creating Makefile
config.status:756: creating include/Makefile
config.status:756: creating include/ode/Makefile
config.status:756: creating ode/Makefile
config.status:756: creating ode/src/Makefile
config.status:756: creating drawstuff/Makefile
config.status:756: creating drawstuff/src/Makefile
config.status:756: creating drawstuff/dstest/Makefile
config.status:756: creating ode/demo/Makefile
config.status:756: creating tests/Makefile
config.status:756: creating tests/CppTestHarness/Makefile
config.status:756: creating ode-config
config.status:860: creating include/ode/config.h
config.status:1272: executing depfiles commands

## ---------------- ##
## Cache variables. ##
## ---------------- ##

ac_cv_build=i386-apple-darwin8.9.1
ac_cv_build_alias=i386-apple-darwin8.9.1
ac_cv_c_bigendian=no
ac_cv_c_compiler_gnu=yes
ac_cv_c_const=yes
ac_cv_c_inline=inline
ac_cv_c_volatile=yes
ac_cv_cxx_compiler_gnu=yes
ac_cv_env_CC_set=
ac_cv_env_CC_value=
ac_cv_env_CFLAGS_set=
ac_cv_env_CFLAGS_value=
ac_cv_env_CPPFLAGS_set=
ac_cv_env_CPPFLAGS_value=
ac_cv_env_CPP_set=
ac_cv_env_CPP_value=
ac_cv_env_CXXFLAGS_set=
ac_cv_env_CXXFLAGS_value=
ac_cv_env_CXX_set=
ac_cv_env_CXX_value=
ac_cv_env_LDFLAGS_set=
ac_cv_env_LDFLAGS_value=
ac_cv_env_build_alias_set=
ac_cv_env_build_alias_value=
ac_cv_env_host_alias_set=
ac_cv_env_host_alias_value=
ac_cv_env_target_alias_set=
ac_cv_env_target_alias_value=
ac_cv_exeext=
ac_cv_func___isnan=yes
ac_cv_func___isnanf=yes
ac_cv_func__doprnt=no
ac_cv_func__isnan=no
ac_cv_func__isnanf=no
ac_cv_func_alloca_works=yes
ac_cv_func_atan2f=yes
ac_cv_func_connect=yes
ac_cv_func_copysign=yes
ac_cv_func_copysignf=yes
ac_cv_func_cosf=yes
ac_cv_func_fabsf=yes
ac_cv_func_floor=yes
ac_cv_func_fmodf=yes
ac_cv_func_gethostbyname=yes
ac_cv_func_gettimeofday=yes
ac_cv_func_isnan=yes
ac_cv_func_isnanf=no
ac_cv_func_malloc_0_nonnull=yes
ac_cv_func_memmove=yes
ac_cv_func_memset=yes
ac_cv_func_obstack=no
ac_cv_func_realloc_0_nonnull=yes
ac_cv_func_remove=yes
ac_cv_func_select=yes
ac_cv_func_select_args='int,fd_set *,struct timeval *'
ac_cv_func_shmat=yes
ac_cv_func_sinf=yes
ac_cv_func_snprintf=yes
ac_cv_func_sqrt=yes
ac_cv_func_sqrtf=yes
ac_cv_func_vprintf=yes
ac_cv_func_vsnprintf=yes
ac_cv_have_x='have_x=yes 		ac_x_includes=/usr/X11R6/include ac_x_libraries=/usr/X11R6/lib'
ac_cv_header_alloca_h=yes
ac_cv_header_float_h=yes
ac_cv_header_ieeefp_h=no
ac_cv_header_inttypes_h=yes
ac_cv_header_malloc_h=no
ac_cv_header_math_h=yes
ac_cv_header_memory_h=yes
ac_cv_header_stdarg_h=yes
ac_cv_header_stdbool_h=yes
ac_cv_header_stdc=yes
ac_cv_header_stdint_h=yes
ac_cv_header_stdio_h=yes
ac_cv_header_stdlib_h=yes
ac_cv_header_string_h=yes
ac_cv_header_strings_h=yes
ac_cv_header_sys_select_h=yes
ac_cv_header_sys_socket_h=yes
ac_cv_header_sys_stat_h=yes
ac_cv_header_sys_time_h=yes
ac_cv_header_sys_types_h=yes
ac_cv_header_time_h=yes
ac_cv_header_unistd_h=yes
ac_cv_header_values_h=no
ac_cv_host=i386-apple-darwin8.9.1
ac_cv_host_alias=i386-apple-darwin8.9.1
ac_cv_lib_ICE_IceConnectionNumber=yes
ac_cv_lib_comctl32_main=no
ac_cv_lib_gdi32_main=no
ac_cv_lib_kernel32_main=no
ac_cv_lib_m_main=yes
ac_cv_lib_pthread_main=yes
ac_cv_lib_stdcpp_main=yes
ac_cv_lib_user32_main=no
ac_cv_lib_winmm_main=no
ac_cv_objext=o
ac_cv_path_install='/usr/bin/install -c'
ac_cv_prog_AWK=awk
ac_cv_prog_CPP='gcc -E'
ac_cv_prog_ac_ct_CC=gcc
ac_cv_prog_ac_ct_CXX=g++
ac_cv_prog_ac_ct_RANLIB=ranlib
ac_cv_prog_cc_g=yes
ac_cv_prog_cc_stdc=
ac_cv_prog_cxx_g=yes
ac_cv_prog_egrep='grep -E'
ac_cv_prog_make_make_set=yes
ac_cv_sizeof_char=1
ac_cv_sizeof_int=4
ac_cv_sizeof_long_int=4
ac_cv_sizeof_short=2
ac_cv_sizeof_voidp=4
ac_cv_target=i386-apple-darwin8.9.1
ac_cv_target_alias=i386-apple-darwin8.9.1
ac_cv_type__Bool=yes
ac_cv_type_char=yes
ac_cv_type_int=yes
ac_cv_type_long_int=yes
ac_cv_type_short=yes
ac_cv_type_size_t=yes
ac_cv_type_voidp=yes
ac_cv_working_alloca_h=yes
am_cv_CC_dependencies_compiler_type=gcc3
am_cv_CXX_dependencies_compiler_type=gcc3

## ----------------- ##
## Output variables. ##
## ----------------- ##

ACLOCAL='${SHELL} /Users/madprog/tmp/soya/osx_stuff/frameworks_xcode/opende/missing --run aclocal-1.9'
ALLOCA=''
AMDEPBACKSLASH='\'
AMDEP_FALSE='#'
AMDEP_TRUE=''
AMTAR='${SHELL} /Users/madprog/tmp/soya/osx_stuff/frameworks_xcode/opende/missing --run tar'
ARCHFLAGS=''
AUTOCONF='${SHELL} /Users/madprog/tmp/soya/osx_stuff/frameworks_xcode/opende/missing --run autoconf'
AUTOHEADER='${SHELL} /Users/madprog/tmp/soya/osx_stuff/frameworks_xcode/opende/missing --run autoheader'
AUTOMAKE='${SHELL} /Users/madprog/tmp/soya/osx_stuff/frameworks_xcode/opende/missing --run automake-1.9'
AWK='awk'
CC='g++'
CCDEPMODE='depmode=gcc3'
CFLAGS='-g -O2 -I/usr/X11R6/include -L/usr/X11R6/lib'
CPP='gcc -E'
CPPFLAGS=''
CXX='g++'
CXXDEPMODE='depmode=gcc3'
CXXFLAGS='-g -O2 -I/usr/X11R6/include -L/usr/X11R6/lib'
CYGPATH_W='echo'
DEFS='-DHAVE_CONFIG_H'
DEPDIR='.deps'
DRAWSTUFF=''
ECHO_C=''
ECHO_N='-n'
ECHO_T=''
EGREP='grep -E'
ENABLE_DEMOS_FALSE='#'
ENABLE_DEMOS_TRUE=''
EXEEXT=''
GIMPACT_FALSE=''
GIMPACT_TRUE='#'
GL_LIBS='-framework OpenGL -framework Carbon -framework AGL'
INSTALL_DATA='${INSTALL} -m 644'
INSTALL_PROGRAM='${INSTALL}'
INSTALL_SCRIPT='${INSTALL}'
INSTALL_STRIP_PROGRAM='${SHELL} $(install_sh) -c -s'
LDFLAGS=''
LIBOBJS=' obstack$U.o'
LIBS=' -lstdc++ -lm -lpthread'
LTLIBOBJS=' obstack$U.lo'
MAKEINFO='${SHELL} /Users/madprog/tmp/soya/osx_stuff/frameworks_xcode/opende/missing --run makeinfo'
OBJEXT='o'
ODE_AGE='0'
ODE_CURRENT='0'
ODE_RELEASE='0.8.0'
ODE_REVISION='8'
ODE_SONAME='libode.so.0'
OPCODE_FALSE='#'
OPCODE_TRUE=''
OSX_FALSE='#'
OSX_TRUE=''
PACKAGE='ODE'
PACKAGE_BUGREPORT='ode@ode.org'
PACKAGE_NAME='ODE'
PACKAGE_STRING='ODE 0.8'
PACKAGE_TARNAME='ode'
PACKAGE_VERSION='0.8'
PATH_SEPARATOR=':'
RANLIB='ranlib'
SET_MAKE=''
SHARED_LDFLAGS='-dynamiclib'
SHELL='/bin/sh'
STRIP=''
TOPDIR='/Users/madprog/tmp/soya/osx_stuff/frameworks_xcode/opende'
TRIMESH_FALSE='#'
TRIMESH_TRUE=''
USE_SONAME_FALSE=''
USE_SONAME_TRUE='#'
VERSION='0.8.0'
WIN32_FALSE=''
WIN32_TRUE='#'
WINDRES=''
X11_FALSE=''
X11_TRUE='#'
X86_64_SYSTEM_FALSE=''
X86_64_SYSTEM_TRUE='#'
X_CFLAGS=' -I/usr/X11R6/include'
X_EXTRA_LIBS=''
X_LIBS=' -L/usr/X11R6/lib'
X_PRE_LIBS=' -lSM -lICE'
ac_ct_CC='gcc'
ac_ct_CXX='g++'
ac_ct_RANLIB='ranlib'
ac_ct_STRIP=''
ac_ct_WINDRES=''
am__fastdepCC_FALSE='#'
am__fastdepCC_TRUE=''
am__fastdepCXX_FALSE='#'
am__fastdepCXX_TRUE=''
am__include='include'
am__leading_dot='.'
am__quote=''
am__tar='${AMTAR} chof - "$$tardir"'
am__untar='${AMTAR} xf -'
bindir='${exec_prefix}/bin'
build='i386-apple-darwin8.9.1'
build_alias=''
build_cpu='i386'
build_os='darwin8.9.1'
build_vendor='apple'
datadir='${prefix}/share'
exec_prefix='${prefix}'
host='i386-apple-darwin8.9.1'
host_alias=''
host_cpu='i386'
host_os='darwin8.9.1'
host_vendor='apple'
includedir='${prefix}/include'
infodir='${prefix}/info'
install_sh='/Users/madprog/tmp/soya/osx_stuff/frameworks_xcode/opende/install-sh'
libdir='${exec_prefix}/lib'
libexecdir='${exec_prefix}/libexec'
localstatedir='${prefix}/var'
mandir='${prefix}/man'
mkdir_p='$(mkinstalldirs)'
oldincludedir='/usr/include'
prefix='/usr/local'
program_transform_name='s,x,x,'
sbindir='${exec_prefix}/sbin'
sharedstatedir='${prefix}/com'
so_ext='.dylib'
sysconfdir='${prefix}/etc'
target='i386-apple-darwin8.9.1'
target_alias=''
target_cpu='i386'
target_os='darwin8.9.1'
target_vendor='apple'

## ----------- ##
## confdefs.h. ##
## ----------- ##

#define HAVE_ALLOCA 1
#define HAVE_ALLOCA_H 1
#define HAVE_ALLOCA_H 1
#define HAVE_APPLE_OPENGL_FRAMEWORK 1
#define HAVE_ATAN2F 1
#define HAVE_COPYSIGN 1
#define HAVE_COPYSIGNF 1
#define HAVE_COSF 1
#define HAVE_FABSF 1
#define HAVE_FLOAT_H 1
#define HAVE_FLOOR 1
#define HAVE_FMODF 1
#define HAVE_GETTIMEOFDAY 1
#define HAVE_INTTYPES_H 1
#define HAVE_ISNAN 1
#define HAVE_MALLOC 1
#define HAVE_MATH_H 1
#define HAVE_MEMMOVE 1
#define HAVE_MEMORY_H 1
#define HAVE_MEMSET 1
#define HAVE_REALLOC 1
#define HAVE_SELECT 1
#define HAVE_SINF 1
#define HAVE_SNPRINTF 1
#define HAVE_SQRT 1
#define HAVE_SQRTF 1
#define HAVE_STDARG_H 1
#define HAVE_STDBOOL_H 1
#define HAVE_STDINT_H 1
#define HAVE_STDIO_H 1
#define HAVE_STDLIB_H 1
#define HAVE_STDLIB_H 1
#define HAVE_STDLIB_H 1
#define HAVE_STDLIB_H 1
#define HAVE_STRINGS_H 1
#define HAVE_STRING_H 1
#define HAVE_STRING_H 1
#define HAVE_SYS_SELECT_H 1
#define HAVE_SYS_SOCKET_H 1
#define HAVE_SYS_STAT_H 1
#define HAVE_SYS_TIME_H 1
#define HAVE_SYS_TYPES_H 1
#define HAVE_TIME_H 1
#define HAVE_UNISTD_H 1
#define HAVE_VPRINTF 1
#define HAVE_VSNPRINTF 1
#define HAVE__BOOL 1
#define HAVE___ISNAN 1
#define HAVE___ISNANF 1
#define PACKAGE "ODE"
#define PACKAGE_BUGREPORT "ode@ode.org"
#define PACKAGE_NAME "ODE"
#define PACKAGE_STRING "ODE 0.8"
#define PACKAGE_TARNAME "ode"
#define PACKAGE_VERSION "0.8"
#define PENTIUM 1
#define SELECT_TYPE_ARG1 int
#define SELECT_TYPE_ARG234 (fd_set *)
#define SELECT_TYPE_ARG5 (struct timeval *)
#define SIZEOF_CHAR 1
#define SIZEOF_INT 4
#define SIZEOF_LONG_INT 4
#define SIZEOF_SHORT 2
#define SIZEOF_VOIDP 4
#define SO_EXT ".dylib"
#define STDC_HEADERS 1
#define VERSION "0.8.0"
#define dEpsilon FLT_EPSILON
#define dGYROSCOPIC
#define dInfinity FLT_MAX
#define dSINGLE
#endif
#ifdef __cplusplus
extern "C" void std::exit (int); using std::exit;

configure: exit 0
